<?xml version="1.0" encoding="UTF-8"?>
<!-- Generated by org.testng.reporters.JUnitReportReporter -->
<testsuite skipped="0" hostname="Michelles-MacBook-Pro-2.local" name="Dais_Technologies.Code_Exercise_paint_calculator_AutomationScript.BaseTest" tests="8" failures="1" timestamp="12 Feb 2019 02:06:56 GMT" time="17.645" errors="0">
  <testcase name="Redirect" time="2.061" classname="Dais_Technologies.Code_Exercise_paint_calculator_AutomationScript.BaseTest"/>
  <testcase name="TextboxLength" time="1.876" classname="Dais_Technologies.Code_Exercise_paint_calculator_AutomationScript.BaseTest"/>
  <testcase name="isElementpresent" time="1.919" classname="Dais_Technologies.Code_Exercise_paint_calculator_AutomationScript.BaseTest"/>
  <testcase name="TextboxVerify_Decimal" time="3.600" classname="Dais_Technologies.Code_Exercise_paint_calculator_AutomationScript.BaseTest"/>
  <testcase name="TextboxVerify_Negative" time="1.980" classname="Dais_Technologies.Code_Exercise_paint_calculator_AutomationScript.BaseTest"/>
  <testcase name="TextboxVerify_null" time="1.813" classname="Dais_Technologies.Code_Exercise_paint_calculator_AutomationScript.BaseTest"/>
  <testcase name="TextboxVerify_Zero" time="1.982" classname="Dais_Technologies.Code_Exercise_paint_calculator_AutomationScript.BaseTest"/>
  <testcase name="InternalServerErrorCase" time="2.414" classname="Dais_Technologies.Code_Exercise_paint_calculator_AutomationScript.BaseTest">
    <failure type="java.lang.AssertionError" message="">
      <![CDATA[java.lang.AssertionError: 
at org.testng.AssertJUnit.fail(AssertJUnit.java:59)
at org.testng.AssertJUnit.assertTrue(AssertJUnit.java:24)
at org.testng.AssertJUnit.assertFalse(AssertJUnit.java:41)
at org.testng.AssertJUnit.assertFalse(AssertJUnit.java:49)
at Dais_Technologies.Code_Exercise_paint_calculator_AutomationScript.BaseTest.InternalServerErrorCase(BaseTest.java:82)
at sun.reflect.NativeMethodAccessorImpl.invoke0(Native Method)
at sun.reflect.NativeMethodAccessorImpl.invoke(NativeMethodAccessorImpl.java:62)
at sun.reflect.DelegatingMethodAccessorImpl.invoke(DelegatingMethodAccessorImpl.java:43)
at java.lang.reflect.Method.invoke(Method.java:498)
at org.testng.internal.MethodInvocationHelper.invokeMethod(MethodInvocationHelper.java:124)
at org.testng.internal.Invoker.invokeMethod(Invoker.java:580)
at org.testng.internal.Invoker.invokeTestMethod(Invoker.java:716)
at org.testng.internal.Invoker.invokeTestMethods(Invoker.java:988)
at org.testng.internal.TestMethodWorker.invokeTestMethods(TestMethodWorker.java:125)
at org.testng.internal.TestMethodWorker.run(TestMethodWorker.java:109)
at org.testng.TestRunner.privateRun(TestRunner.java:648)
at org.testng.TestRunner.run(TestRunner.java:505)
at org.testng.SuiteRunner.runTest(SuiteRunner.java:455)
at org.testng.SuiteRunner.runSequentially(SuiteRunner.java:450)
at org.testng.SuiteRunner.privateRun(SuiteRunner.java:415)
at org.testng.SuiteRunner.run(SuiteRunner.java:364)
at org.testng.SuiteRunnerWorker.runSuite(SuiteRunnerWorker.java:52)
at org.testng.SuiteRunnerWorker.run(SuiteRunnerWorker.java:84)
at org.testng.TestNG.runSuitesSequentially(TestNG.java:1208)
at org.testng.TestNG.runSuitesLocally(TestNG.java:1137)
at org.testng.TestNG.runSuites(TestNG.java:1049)
at org.testng.TestNG.run(TestNG.java:1017)
at org.testng.remote.AbstractRemoteTestNG.run(AbstractRemoteTestNG.java:114)
at org.testng.remote.RemoteTestNG.initAndRun(RemoteTestNG.java:251)
at org.testng.remote.RemoteTestNG.main(RemoteTestNG.java:77)
]]>
    </failure>
  </testcase> <!-- InternalServerErrorCase -->
</testsuite> <!-- Dais_Technologies.Code_Exercise_paint_calculator_AutomationScript.BaseTest -->
