<?xml version="1.0" encoding="UTF-8"?>
<!-- Generated by org.testng.reporters.JUnitReportReporter -->
<testsuite skipped="0" hostname="Michelles-MacBook-Pro-2.local" name="Dais_Technologies.Code_Exercise_paint_calculator_AutomationScript.DimensionsTest" tests="18" failures="1" timestamp="12 Feb 2019 02:06:57 GMT" time="39.224" errors="0">
  <testcase name="LengthTextboxVerify_decimal" time="1.949" classname="Dais_Technologies.Code_Exercise_paint_calculator_AutomationScript.DimensionsTest"/>
  <testcase name="HeightTextboxVerify_Zero" time="2.151" classname="Dais_Technologies.Code_Exercise_paint_calculator_AutomationScript.DimensionsTest"/>
  <testcase name="LengthTextboxVerify_null" time="2.063" classname="Dais_Technologies.Code_Exercise_paint_calculator_AutomationScript.DimensionsTest"/>
  <testcase name="TextboxLength_Length" time="2.108" classname="Dais_Technologies.Code_Exercise_paint_calculator_AutomationScript.DimensionsTest"/>
  <testcase name="WidthTextboxVerify_Zero" time="2.418" classname="Dais_Technologies.Code_Exercise_paint_calculator_AutomationScript.DimensionsTest"/>
  <testcase name="LengthTextboxVerify_negative" time="2.326" classname="Dais_Technologies.Code_Exercise_paint_calculator_AutomationScript.DimensionsTest"/>
  <testcase name="LengthTextboxVerify_Zero" time="2.082" classname="Dais_Technologies.Code_Exercise_paint_calculator_AutomationScript.DimensionsTest"/>
  <testcase name="isElementPresent" time="2.181" classname="Dais_Technologies.Code_Exercise_paint_calculator_AutomationScript.DimensionsTest"/>
  <testcase name="InternalServerErrorCase" time="2.745" classname="Dais_Technologies.Code_Exercise_paint_calculator_AutomationScript.DimensionsTest">
    <failure type="java.lang.AssertionError" message="">
      <![CDATA[java.lang.AssertionError: 
at org.testng.AssertJUnit.fail(AssertJUnit.java:59)
at org.testng.AssertJUnit.assertTrue(AssertJUnit.java:24)
at org.testng.AssertJUnit.assertFalse(AssertJUnit.java:41)
at org.testng.AssertJUnit.assertFalse(AssertJUnit.java:49)
at Dais_Technologies.Code_Exercise_paint_calculator_AutomationScript.DimensionsTest.InternalServerErrorCase(DimensionsTest.java:262)
at sun.reflect.NativeMethodAccessorImpl.invoke0(Native Method)
at sun.reflect.NativeMethodAccessorImpl.invoke(NativeMethodAccessorImpl.java:62)
at sun.reflect.DelegatingMethodAccessorImpl.invoke(DelegatingMethodAccessorImpl.java:43)
at java.lang.reflect.Method.invoke(Method.java:498)
at org.testng.internal.MethodInvocationHelper.invokeMethod(MethodInvocationHelper.java:124)
at org.testng.internal.Invoker.invokeMethod(Invoker.java:580)
at org.testng.internal.Invoker.invokeTestMethod(Invoker.java:716)
at org.testng.internal.Invoker.invokeTestMethods(Invoker.java:988)
at org.testng.internal.TestMethodWorker.invokeTestMethods(TestMethodWorker.java:125)
at org.testng.internal.TestMethodWorker.run(TestMethodWorker.java:109)
at org.testng.TestRunner.privateRun(TestRunner.java:648)
at org.testng.TestRunner.run(TestRunner.java:505)
at org.testng.SuiteRunner.runTest(SuiteRunner.java:455)
at org.testng.SuiteRunner.runSequentially(SuiteRunner.java:450)
at org.testng.SuiteRunner.privateRun(SuiteRunner.java:415)
at org.testng.SuiteRunner.run(SuiteRunner.java:364)
at org.testng.SuiteRunnerWorker.runSuite(SuiteRunnerWorker.java:52)
at org.testng.SuiteRunnerWorker.run(SuiteRunnerWorker.java:84)
at org.testng.TestNG.runSuitesSequentially(TestNG.java:1208)
at org.testng.TestNG.runSuitesLocally(TestNG.java:1137)
at org.testng.TestNG.runSuites(TestNG.java:1049)
at org.testng.TestNG.run(TestNG.java:1017)
at org.testng.remote.AbstractRemoteTestNG.run(AbstractRemoteTestNG.java:114)
at org.testng.remote.RemoteTestNG.initAndRun(RemoteTestNG.java:251)
at org.testng.remote.RemoteTestNG.main(RemoteTestNG.java:77)
]]>
    </failure>
  </testcase> <!-- InternalServerErrorCase -->
  <testcase name="TextboxLength_Width" time="2.030" classname="Dais_Technologies.Code_Exercise_paint_calculator_AutomationScript.DimensionsTest"/>
  <testcase name="WidthTextboxVerify_null" time="2.206" classname="Dais_Technologies.Code_Exercise_paint_calculator_AutomationScript.DimensionsTest"/>
  <testcase name="TextboxLength_Height" time="1.998" classname="Dais_Technologies.Code_Exercise_paint_calculator_AutomationScript.DimensionsTest"/>
  <testcase name="HeightTextboxVerify_decimal" time="2.046" classname="Dais_Technologies.Code_Exercise_paint_calculator_AutomationScript.DimensionsTest"/>
  <testcase name="WidthTextboxVerify_decimal" time="2.004" classname="Dais_Technologies.Code_Exercise_paint_calculator_AutomationScript.DimensionsTest"/>
  <testcase name="Redirect" time="2.300" classname="Dais_Technologies.Code_Exercise_paint_calculator_AutomationScript.DimensionsTest"/>
  <testcase name="HeightTextboxVerify_negative" time="2.326" classname="Dais_Technologies.Code_Exercise_paint_calculator_AutomationScript.DimensionsTest"/>
  <testcase name="HeightTextboxVerify_null" time="2.095" classname="Dais_Technologies.Code_Exercise_paint_calculator_AutomationScript.DimensionsTest"/>
  <testcase name="WidthTextboxVerify_negative" time="2.196" classname="Dais_Technologies.Code_Exercise_paint_calculator_AutomationScript.DimensionsTest"/>
</testsuite> <!-- Dais_Technologies.Code_Exercise_paint_calculator_AutomationScript.DimensionsTest -->
