<?xml version="1.0" encoding="UTF-8"?>
<!-- Generated by org.testng.reporters.JUnitXMLReporter -->
<testsuite hostname="Michelles-MacBook-Pro-2.local" ignored="0" name="Test" tests="34" failures="5" timestamp="12 Feb 2019 02:06:56 GMT" time="76.446" errors="0">
  <testcase name="InternalServerErrorCase" time="0.312" classname="Dais_Technologies.Code_Exercise_paint_calculator_AutomationScript.BaseTest">
    <failure type="java.lang.AssertionError">
      <![CDATA[java.lang.AssertionError: 
at Dais_Technologies.Code_Exercise_paint_calculator_AutomationScript.BaseTest.InternalServerErrorCase(BaseTest.java:82)
... Removed 29 stack frames]]>
    </failure>
  </testcase> <!-- InternalServerErrorCase -->
  <testcase name="Redirect" time="0.264" classname="Dais_Technologies.Code_Exercise_paint_calculator_AutomationScript.BaseTest"/>
  <testcase name="TextboxLength" time="0.03" classname="Dais_Technologies.Code_Exercise_paint_calculator_AutomationScript.BaseTest"/>
  <testcase name="TextboxVerify_Decimal" time="0.134" classname="Dais_Technologies.Code_Exercise_paint_calculator_AutomationScript.BaseTest"/>
  <testcase name="TextboxVerify_Negative" time="0.147" classname="Dais_Technologies.Code_Exercise_paint_calculator_AutomationScript.BaseTest"/>
  <testcase name="TextboxVerify_Zero" time="0.135" classname="Dais_Technologies.Code_Exercise_paint_calculator_AutomationScript.BaseTest"/>
  <testcase name="TextboxVerify_null" time="0.121" classname="Dais_Technologies.Code_Exercise_paint_calculator_AutomationScript.BaseTest"/>
  <testcase name="isElementpresent" time="0.141" classname="Dais_Technologies.Code_Exercise_paint_calculator_AutomationScript.BaseTest"/>
  <testcase name="AmountofFeettoPaint" time="0.306" classname="Dais_Technologies.Code_Exercise_paint_calculator_AutomationScript.ResultTest"/>
  <testcase name="AmountofFeettoPaint" time="0.306" classname="Dais_Technologies.Code_Exercise_paint_calculator_AutomationScript.ResultTest"/>
  <testcase name="AmountofFeettoPaint" time="0.318" classname="Dais_Technologies.Code_Exercise_paint_calculator_AutomationScript.ResultTest"/>
  <testcase name="GallonsReuired" time="0.318" classname="Dais_Technologies.Code_Exercise_paint_calculator_AutomationScript.ResultTest">
    <failure type="java.lang.AssertionError" message="expected:&amp;lt;60&amp;gt; but was:&amp;lt;52&amp;gt;">
      <![CDATA[java.lang.AssertionError: expected:<60> but was:<52>
at Dais_Technologies.Code_Exercise_paint_calculator_AutomationScript.ResultTest.GallonsReuired(ResultTest.java:55)
... Removed 30 stack frames]]>
    </failure>
  </testcase> <!-- GallonsReuired -->
  <testcase name="GallonsReuired" time="0.285" classname="Dais_Technologies.Code_Exercise_paint_calculator_AutomationScript.ResultTest">
    <failure type="java.lang.AssertionError" message="expected:&amp;lt;42&amp;gt; but was:&amp;lt;37&amp;gt;">
      <![CDATA[java.lang.AssertionError: expected:<42> but was:<37>
at Dais_Technologies.Code_Exercise_paint_calculator_AutomationScript.ResultTest.GallonsReuired(ResultTest.java:55)
... Removed 30 stack frames]]>
    </failure>
  </testcase> <!-- GallonsReuired -->
  <testcase name="GallonsReuired" time="0.325" classname="Dais_Technologies.Code_Exercise_paint_calculator_AutomationScript.ResultTest">
    <failure type="java.lang.AssertionError" message="expected:&amp;lt;42&amp;gt; but was:&amp;lt;37&amp;gt;">
      <![CDATA[java.lang.AssertionError: expected:<42> but was:<37>
at Dais_Technologies.Code_Exercise_paint_calculator_AutomationScript.ResultTest.GallonsReuired(ResultTest.java:55)
... Removed 30 stack frames]]>
    </failure>
  </testcase> <!-- GallonsReuired -->
  <testcase name="Redirect" time="0.387" classname="Dais_Technologies.Code_Exercise_paint_calculator_AutomationScript.ResultTest"/>
  <testcase name="isElementPresent" time="0.117" classname="Dais_Technologies.Code_Exercise_paint_calculator_AutomationScript.ResultTest"/>
  <testcase name="HeightTextboxVerify_Zero" time="0.064" classname="Dais_Technologies.Code_Exercise_paint_calculator_AutomationScript.DimensionsTest"/>
  <testcase name="HeightTextboxVerify_decimal" time="0.075" classname="Dais_Technologies.Code_Exercise_paint_calculator_AutomationScript.DimensionsTest"/>
  <testcase name="HeightTextboxVerify_negative" time="0.073" classname="Dais_Technologies.Code_Exercise_paint_calculator_AutomationScript.DimensionsTest"/>
  <testcase name="HeightTextboxVerify_null" time="0.059" classname="Dais_Technologies.Code_Exercise_paint_calculator_AutomationScript.DimensionsTest"/>
  <testcase name="InternalServerErrorCase" time="0.359" classname="Dais_Technologies.Code_Exercise_paint_calculator_AutomationScript.DimensionsTest">
    <failure type="java.lang.AssertionError">
      <![CDATA[java.lang.AssertionError: 
at Dais_Technologies.Code_Exercise_paint_calculator_AutomationScript.DimensionsTest.InternalServerErrorCase(DimensionsTest.java:262)
... Removed 29 stack frames]]>
    </failure>
  </testcase> <!-- InternalServerErrorCase -->
  <testcase name="LengthTextboxVerify_Zero" time="0.068" classname="Dais_Technologies.Code_Exercise_paint_calculator_AutomationScript.DimensionsTest"/>
  <testcase name="LengthTextboxVerify_decimal" time="0.089" classname="Dais_Technologies.Code_Exercise_paint_calculator_AutomationScript.DimensionsTest"/>
  <testcase name="LengthTextboxVerify_negative" time="0.078" classname="Dais_Technologies.Code_Exercise_paint_calculator_AutomationScript.DimensionsTest"/>
  <testcase name="LengthTextboxVerify_null" time="0.06" classname="Dais_Technologies.Code_Exercise_paint_calculator_AutomationScript.DimensionsTest"/>
  <testcase name="Redirect" time="0.267" classname="Dais_Technologies.Code_Exercise_paint_calculator_AutomationScript.DimensionsTest"/>
  <testcase name="TextboxLength_Height" time="0.03" classname="Dais_Technologies.Code_Exercise_paint_calculator_AutomationScript.DimensionsTest"/>
  <testcase name="TextboxLength_Length" time="0.031" classname="Dais_Technologies.Code_Exercise_paint_calculator_AutomationScript.DimensionsTest"/>
  <testcase name="TextboxLength_Width" time="0.034" classname="Dais_Technologies.Code_Exercise_paint_calculator_AutomationScript.DimensionsTest"/>
  <testcase name="WidthTextboxVerify_Zero" time="0.086" classname="Dais_Technologies.Code_Exercise_paint_calculator_AutomationScript.DimensionsTest"/>
  <testcase name="WidthTextboxVerify_decimal" time="0.087" classname="Dais_Technologies.Code_Exercise_paint_calculator_AutomationScript.DimensionsTest"/>
  <testcase name="WidthTextboxVerify_negative" time="0.073" classname="Dais_Technologies.Code_Exercise_paint_calculator_AutomationScript.DimensionsTest"/>
  <testcase name="WidthTextboxVerify_null" time="0.062" classname="Dais_Technologies.Code_Exercise_paint_calculator_AutomationScript.DimensionsTest"/>
  <testcase name="isElementPresent" time="0.2" classname="Dais_Technologies.Code_Exercise_paint_calculator_AutomationScript.DimensionsTest"/>
</testsuite> <!-- Test -->
