<html>
<head>
<title>TestNG:  Test</title>
<link href="../testng.css" rel="stylesheet" type="text/css" />
<link href="../my-testng.css" rel="stylesheet" type="text/css" />

<style type="text/css">
.log { display: none;} 
.stack-trace { display: none;} 
</style>
<script type="text/javascript">
<!--
function flip(e) {
  current = e.style.display;
  if (current == 'block') {
    e.style.display = 'none';
    return 0;
  }
  else {
    e.style.display = 'block';
    return 1;
  }
}

function toggleBox(szDivId, elem, msg1, msg2)
{
  var res = -1;  if (document.getElementById) {
    res = flip(document.getElementById(szDivId));
  }
  else if (document.all) {
    // this is the way old msie versions work
    res = flip(document.all[szDivId]);
  }
  if(elem) {
    if(res == 0) elem.innerHTML = msg1; else elem.innerHTML = msg2;
  }

}

function toggleAllBoxes() {
  if (document.getElementsByTagName) {
    d = document.getElementsByTagName('div');
    for (i = 0; i < d.length; i++) {
      if (d[i].className == 'log') {
        flip(d[i]);
      }
    }
  }
}

// -->
</script>

</head>
<body>
<h2 align='center'>Test</h2><table border='1' align="center">
<tr>
<td>Tests passed/Failed/Skipped:</td><td>29/5/0</td>
</tr><tr>
<td>Started on:</td><td>Mon Feb 11 20:05:39 CST 2019</td>
</tr>
<tr><td>Total time:</td><td>76 seconds (76446 ms)</td>
</tr><tr>
<td>Included groups:</td><td></td>
</tr><tr>
<td>Excluded groups:</td><td></td>
</tr>
</table><p/>
<small><i>(Hover the method name to see the test class name)</i></small><p/>
<table width='100%' border='1' class='invocation-failed'>
<tr><td colspan='4' align='center'><b>FAILED TESTS</b></td></tr>
<tr><td><b>Test method</b></td>
<td width="30%"><b>Exception</b></td>
<td width="10%"><b>Time (seconds)</b></td>
<td><b>Instance</b></td>
</tr>
<tr>
<td title='Dais_Technologies.Code_Exercise_paint_calculator_AutomationScript.ResultTest.GallonsReuired()'><b>GallonsReuired</b><br>Test class: Dais_Technologies.Code_Exercise_paint_calculator_AutomationScript.ResultTest<br>Parameters: 35, 30, 20</td>
<td><div><pre>java.lang.AssertionError: expected:&lt;60&gt; but was:&lt;52&gt;
	at Dais_Technologies.Code_Exercise_paint_calculator_AutomationScript.ResultTest.GallonsReuired(ResultTest.java:55)
... Removed 30 stack frames</pre></div><a href='#' onClick='toggleBox("stack-trace653515020", this, "Click to show all stack frames", "Click to hide stack frames")'>Click to show all stack frames</a>
<div class='stack-trace' id='stack-trace653515020'><pre>java.lang.AssertionError: expected:&lt;60&gt; but was:&lt;52&gt;
	at org.testng.AssertJUnit.fail(AssertJUnit.java:59)
	at org.testng.AssertJUnit.failNotEquals(AssertJUnit.java:364)
	at org.testng.AssertJUnit.assertEquals(AssertJUnit.java:80)
	at org.testng.AssertJUnit.assertEquals(AssertJUnit.java:245)
	at org.testng.AssertJUnit.assertEquals(AssertJUnit.java:252)
	at Dais_Technologies.Code_Exercise_paint_calculator_AutomationScript.ResultTest.GallonsReuired(ResultTest.java:55)
	at sun.reflect.NativeMethodAccessorImpl.invoke0(Native Method)
	at sun.reflect.NativeMethodAccessorImpl.invoke(NativeMethodAccessorImpl.java:62)
	at sun.reflect.DelegatingMethodAccessorImpl.invoke(DelegatingMethodAccessorImpl.java:43)
	at java.lang.reflect.Method.invoke(Method.java:498)
	at org.testng.internal.MethodInvocationHelper.invokeMethod(MethodInvocationHelper.java:124)
	at org.testng.internal.Invoker.invokeMethod(Invoker.java:580)
	at org.testng.internal.Invoker.invokeTestMethod(Invoker.java:716)
	at org.testng.internal.Invoker.invokeTestMethods(Invoker.java:988)
	at org.testng.internal.TestMethodWorker.invokeTestMethods(TestMethodWorker.java:125)
	at org.testng.internal.TestMethodWorker.run(TestMethodWorker.java:109)
	at org.testng.TestRunner.privateRun(TestRunner.java:648)
	at org.testng.TestRunner.run(TestRunner.java:505)
	at org.testng.SuiteRunner.runTest(SuiteRunner.java:455)
	at org.testng.SuiteRunner.runSequentially(SuiteRunner.java:450)
	at org.testng.SuiteRunner.privateRun(SuiteRunner.java:415)
	at org.testng.SuiteRunner.run(SuiteRunner.java:364)
	at org.testng.SuiteRunnerWorker.runSuite(SuiteRunnerWorker.java:52)
	at org.testng.SuiteRunnerWorker.run(SuiteRunnerWorker.java:84)
	at org.testng.TestNG.runSuitesSequentially(TestNG.java:1208)
	at org.testng.TestNG.runSuitesLocally(TestNG.java:1137)
	at org.testng.TestNG.runSuites(TestNG.java:1049)
	at org.testng.TestNG.run(TestNG.java:1017)
	at org.testng.remote.AbstractRemoteTestNG.run(AbstractRemoteTestNG.java:114)
	at org.testng.remote.RemoteTestNG.initAndRun(RemoteTestNG.java:251)
	at org.testng.remote.RemoteTestNG.main(RemoteTestNG.java:77)
</pre></div></td>
<td>0</td>
<td>Dais_Technologies.Code_Exercise_paint_calculator_AutomationScript.ResultTest@3327bd23</td></tr>
<tr>
<td title='Dais_Technologies.Code_Exercise_paint_calculator_AutomationScript.ResultTest.GallonsReuired()'><b>GallonsReuired</b><br>Test class: Dais_Technologies.Code_Exercise_paint_calculator_AutomationScript.ResultTest<br>Parameters: 10, 25, 60</td>
<td><div><pre>java.lang.AssertionError: expected:&lt;42&gt; but was:&lt;37&gt;
	at Dais_Technologies.Code_Exercise_paint_calculator_AutomationScript.ResultTest.GallonsReuired(ResultTest.java:55)
... Removed 30 stack frames</pre></div><a href='#' onClick='toggleBox("stack-trace866529530", this, "Click to show all stack frames", "Click to hide stack frames")'>Click to show all stack frames</a>
<div class='stack-trace' id='stack-trace866529530'><pre>java.lang.AssertionError: expected:&lt;42&gt; but was:&lt;37&gt;
	at org.testng.AssertJUnit.fail(AssertJUnit.java:59)
	at org.testng.AssertJUnit.failNotEquals(AssertJUnit.java:364)
	at org.testng.AssertJUnit.assertEquals(AssertJUnit.java:80)
	at org.testng.AssertJUnit.assertEquals(AssertJUnit.java:245)
	at org.testng.AssertJUnit.assertEquals(AssertJUnit.java:252)
	at Dais_Technologies.Code_Exercise_paint_calculator_AutomationScript.ResultTest.GallonsReuired(ResultTest.java:55)
	at sun.reflect.NativeMethodAccessorImpl.invoke0(Native Method)
	at sun.reflect.NativeMethodAccessorImpl.invoke(NativeMethodAccessorImpl.java:62)
	at sun.reflect.DelegatingMethodAccessorImpl.invoke(DelegatingMethodAccessorImpl.java:43)
	at java.lang.reflect.Method.invoke(Method.java:498)
	at org.testng.internal.MethodInvocationHelper.invokeMethod(MethodInvocationHelper.java:124)
	at org.testng.internal.Invoker.invokeMethod(Invoker.java:580)
	at org.testng.internal.Invoker.invokeTestMethod(Invoker.java:716)
	at org.testng.internal.Invoker.invokeTestMethods(Invoker.java:988)
	at org.testng.internal.TestMethodWorker.invokeTestMethods(TestMethodWorker.java:125)
	at org.testng.internal.TestMethodWorker.run(TestMethodWorker.java:109)
	at org.testng.TestRunner.privateRun(TestRunner.java:648)
	at org.testng.TestRunner.run(TestRunner.java:505)
	at org.testng.SuiteRunner.runTest(SuiteRunner.java:455)
	at org.testng.SuiteRunner.runSequentially(SuiteRunner.java:450)
	at org.testng.SuiteRunner.privateRun(SuiteRunner.java:415)
	at org.testng.SuiteRunner.run(SuiteRunner.java:364)
	at org.testng.SuiteRunnerWorker.runSuite(SuiteRunnerWorker.java:52)
	at org.testng.SuiteRunnerWorker.run(SuiteRunnerWorker.java:84)
	at org.testng.TestNG.runSuitesSequentially(TestNG.java:1208)
	at org.testng.TestNG.runSuitesLocally(TestNG.java:1137)
	at org.testng.TestNG.runSuites(TestNG.java:1049)
	at org.testng.TestNG.run(TestNG.java:1017)
	at org.testng.remote.AbstractRemoteTestNG.run(AbstractRemoteTestNG.java:114)
	at org.testng.remote.RemoteTestNG.initAndRun(RemoteTestNG.java:251)
	at org.testng.remote.RemoteTestNG.main(RemoteTestNG.java:77)
</pre></div></td>
<td>0</td>
<td>Dais_Technologies.Code_Exercise_paint_calculator_AutomationScript.ResultTest@3327bd23</td></tr>
<tr>
<td title='Dais_Technologies.Code_Exercise_paint_calculator_AutomationScript.ResultTest.GallonsReuired()'><b>GallonsReuired</b><br>Test class: Dais_Technologies.Code_Exercise_paint_calculator_AutomationScript.ResultTest<br>Parameters: 20, 25, 30</td>
<td><div><pre>java.lang.AssertionError: expected:&lt;42&gt; but was:&lt;37&gt;
	at Dais_Technologies.Code_Exercise_paint_calculator_AutomationScript.ResultTest.GallonsReuired(ResultTest.java:55)
... Removed 30 stack frames</pre></div><a href='#' onClick='toggleBox("stack-trace1530870688", this, "Click to show all stack frames", "Click to hide stack frames")'>Click to show all stack frames</a>
<div class='stack-trace' id='stack-trace1530870688'><pre>java.lang.AssertionError: expected:&lt;42&gt; but was:&lt;37&gt;
	at org.testng.AssertJUnit.fail(AssertJUnit.java:59)
	at org.testng.AssertJUnit.failNotEquals(AssertJUnit.java:364)
	at org.testng.AssertJUnit.assertEquals(AssertJUnit.java:80)
	at org.testng.AssertJUnit.assertEquals(AssertJUnit.java:245)
	at org.testng.AssertJUnit.assertEquals(AssertJUnit.java:252)
	at Dais_Technologies.Code_Exercise_paint_calculator_AutomationScript.ResultTest.GallonsReuired(ResultTest.java:55)
	at sun.reflect.NativeMethodAccessorImpl.invoke0(Native Method)
	at sun.reflect.NativeMethodAccessorImpl.invoke(NativeMethodAccessorImpl.java:62)
	at sun.reflect.DelegatingMethodAccessorImpl.invoke(DelegatingMethodAccessorImpl.java:43)
	at java.lang.reflect.Method.invoke(Method.java:498)
	at org.testng.internal.MethodInvocationHelper.invokeMethod(MethodInvocationHelper.java:124)
	at org.testng.internal.Invoker.invokeMethod(Invoker.java:580)
	at org.testng.internal.Invoker.invokeTestMethod(Invoker.java:716)
	at org.testng.internal.Invoker.invokeTestMethods(Invoker.java:988)
	at org.testng.internal.TestMethodWorker.invokeTestMethods(TestMethodWorker.java:125)
	at org.testng.internal.TestMethodWorker.run(TestMethodWorker.java:109)
	at org.testng.TestRunner.privateRun(TestRunner.java:648)
	at org.testng.TestRunner.run(TestRunner.java:505)
	at org.testng.SuiteRunner.runTest(SuiteRunner.java:455)
	at org.testng.SuiteRunner.runSequentially(SuiteRunner.java:450)
	at org.testng.SuiteRunner.privateRun(SuiteRunner.java:415)
	at org.testng.SuiteRunner.run(SuiteRunner.java:364)
	at org.testng.SuiteRunnerWorker.runSuite(SuiteRunnerWorker.java:52)
	at org.testng.SuiteRunnerWorker.run(SuiteRunnerWorker.java:84)
	at org.testng.TestNG.runSuitesSequentially(TestNG.java:1208)
	at org.testng.TestNG.runSuitesLocally(TestNG.java:1137)
	at org.testng.TestNG.runSuites(TestNG.java:1049)
	at org.testng.TestNG.run(TestNG.java:1017)
	at org.testng.remote.AbstractRemoteTestNG.run(AbstractRemoteTestNG.java:114)
	at org.testng.remote.RemoteTestNG.initAndRun(RemoteTestNG.java:251)
	at org.testng.remote.RemoteTestNG.main(RemoteTestNG.java:77)
</pre></div></td>
<td>0</td>
<td>Dais_Technologies.Code_Exercise_paint_calculator_AutomationScript.ResultTest@3327bd23</td></tr>
<tr>
<td title='Dais_Technologies.Code_Exercise_paint_calculator_AutomationScript.BaseTest.InternalServerErrorCase()'><b>InternalServerErrorCase</b><br>Test class: Dais_Technologies.Code_Exercise_paint_calculator_AutomationScript.BaseTest</td>
<td><div><pre>java.lang.AssertionError: 
	at Dais_Technologies.Code_Exercise_paint_calculator_AutomationScript.BaseTest.InternalServerErrorCase(BaseTest.java:82)
... Removed 29 stack frames</pre></div><a href='#' onClick='toggleBox("stack-trace530486389", this, "Click to show all stack frames", "Click to hide stack frames")'>Click to show all stack frames</a>
<div class='stack-trace' id='stack-trace530486389'><pre>java.lang.AssertionError: 
	at org.testng.AssertJUnit.fail(AssertJUnit.java:59)
	at org.testng.AssertJUnit.assertTrue(AssertJUnit.java:24)
	at org.testng.AssertJUnit.assertFalse(AssertJUnit.java:41)
	at org.testng.AssertJUnit.assertFalse(AssertJUnit.java:49)
	at Dais_Technologies.Code_Exercise_paint_calculator_AutomationScript.BaseTest.InternalServerErrorCase(BaseTest.java:82)
	at sun.reflect.NativeMethodAccessorImpl.invoke0(Native Method)
	at sun.reflect.NativeMethodAccessorImpl.invoke(NativeMethodAccessorImpl.java:62)
	at sun.reflect.DelegatingMethodAccessorImpl.invoke(DelegatingMethodAccessorImpl.java:43)
	at java.lang.reflect.Method.invoke(Method.java:498)
	at org.testng.internal.MethodInvocationHelper.invokeMethod(MethodInvocationHelper.java:124)
	at org.testng.internal.Invoker.invokeMethod(Invoker.java:580)
	at org.testng.internal.Invoker.invokeTestMethod(Invoker.java:716)
	at org.testng.internal.Invoker.invokeTestMethods(Invoker.java:988)
	at org.testng.internal.TestMethodWorker.invokeTestMethods(TestMethodWorker.java:125)
	at org.testng.internal.TestMethodWorker.run(TestMethodWorker.java:109)
	at org.testng.TestRunner.privateRun(TestRunner.java:648)
	at org.testng.TestRunner.run(TestRunner.java:505)
	at org.testng.SuiteRunner.runTest(SuiteRunner.java:455)
	at org.testng.SuiteRunner.runSequentially(SuiteRunner.java:450)
	at org.testng.SuiteRunner.privateRun(SuiteRunner.java:415)
	at org.testng.SuiteRunner.run(SuiteRunner.java:364)
	at org.testng.SuiteRunnerWorker.runSuite(SuiteRunnerWorker.java:52)
	at org.testng.SuiteRunnerWorker.run(SuiteRunnerWorker.java:84)
	at org.testng.TestNG.runSuitesSequentially(TestNG.java:1208)
	at org.testng.TestNG.runSuitesLocally(TestNG.java:1137)
	at org.testng.TestNG.runSuites(TestNG.java:1049)
	at org.testng.TestNG.run(TestNG.java:1017)
	at org.testng.remote.AbstractRemoteTestNG.run(AbstractRemoteTestNG.java:114)
	at org.testng.remote.RemoteTestNG.initAndRun(RemoteTestNG.java:251)
	at org.testng.remote.RemoteTestNG.main(RemoteTestNG.java:77)
</pre></div></td>
<td>0</td>
<td>Dais_Technologies.Code_Exercise_paint_calculator_AutomationScript.BaseTest@a67c67e</td></tr>
<tr>
<td title='Dais_Technologies.Code_Exercise_paint_calculator_AutomationScript.DimensionsTest.InternalServerErrorCase()'><b>InternalServerErrorCase</b><br>Test class: Dais_Technologies.Code_Exercise_paint_calculator_AutomationScript.DimensionsTest</td>
<td><div><pre>java.lang.AssertionError: 
	at Dais_Technologies.Code_Exercise_paint_calculator_AutomationScript.DimensionsTest.InternalServerErrorCase(DimensionsTest.java:262)
... Removed 29 stack frames</pre></div><a href='#' onClick='toggleBox("stack-trace263656423", this, "Click to show all stack frames", "Click to hide stack frames")'>Click to show all stack frames</a>
<div class='stack-trace' id='stack-trace263656423'><pre>java.lang.AssertionError: 
	at org.testng.AssertJUnit.fail(AssertJUnit.java:59)
	at org.testng.AssertJUnit.assertTrue(AssertJUnit.java:24)
	at org.testng.AssertJUnit.assertFalse(AssertJUnit.java:41)
	at org.testng.AssertJUnit.assertFalse(AssertJUnit.java:49)
	at Dais_Technologies.Code_Exercise_paint_calculator_AutomationScript.DimensionsTest.InternalServerErrorCase(DimensionsTest.java:262)
	at sun.reflect.NativeMethodAccessorImpl.invoke0(Native Method)
	at sun.reflect.NativeMethodAccessorImpl.invoke(NativeMethodAccessorImpl.java:62)
	at sun.reflect.DelegatingMethodAccessorImpl.invoke(DelegatingMethodAccessorImpl.java:43)
	at java.lang.reflect.Method.invoke(Method.java:498)
	at org.testng.internal.MethodInvocationHelper.invokeMethod(MethodInvocationHelper.java:124)
	at org.testng.internal.Invoker.invokeMethod(Invoker.java:580)
	at org.testng.internal.Invoker.invokeTestMethod(Invoker.java:716)
	at org.testng.internal.Invoker.invokeTestMethods(Invoker.java:988)
	at org.testng.internal.TestMethodWorker.invokeTestMethods(TestMethodWorker.java:125)
	at org.testng.internal.TestMethodWorker.run(TestMethodWorker.java:109)
	at org.testng.TestRunner.privateRun(TestRunner.java:648)
	at org.testng.TestRunner.run(TestRunner.java:505)
	at org.testng.SuiteRunner.runTest(SuiteRunner.java:455)
	at org.testng.SuiteRunner.runSequentially(SuiteRunner.java:450)
	at org.testng.SuiteRunner.privateRun(SuiteRunner.java:415)
	at org.testng.SuiteRunner.run(SuiteRunner.java:364)
	at org.testng.SuiteRunnerWorker.runSuite(SuiteRunnerWorker.java:52)
	at org.testng.SuiteRunnerWorker.run(SuiteRunnerWorker.java:84)
	at org.testng.TestNG.runSuitesSequentially(TestNG.java:1208)
	at org.testng.TestNG.runSuitesLocally(TestNG.java:1137)
	at org.testng.TestNG.runSuites(TestNG.java:1049)
	at org.testng.TestNG.run(TestNG.java:1017)
	at org.testng.remote.AbstractRemoteTestNG.run(AbstractRemoteTestNG.java:114)
	at org.testng.remote.RemoteTestNG.initAndRun(RemoteTestNG.java:251)
	at org.testng.remote.RemoteTestNG.main(RemoteTestNG.java:77)
</pre></div></td>
<td>0</td>
<td>Dais_Technologies.Code_Exercise_paint_calculator_AutomationScript.DimensionsTest@4e1d422d</td></tr>
</table><p>
<table width='100%' border='1' class='invocation-passed'>
<tr><td colspan='4' align='center'><b>PASSED TESTS</b></td></tr>
<tr><td><b>Test method</b></td>
<td width="30%"><b>Exception</b></td>
<td width="10%"><b>Time (seconds)</b></td>
<td><b>Instance</b></td>
</tr>
<tr>
<td title='Dais_Technologies.Code_Exercise_paint_calculator_AutomationScript.ResultTest.AmountofFeettoPaint()'><b>AmountofFeettoPaint</b><br>Test class: Dais_Technologies.Code_Exercise_paint_calculator_AutomationScript.ResultTest<br>Parameters: 35, 30, 20</td>
<td></td>
<td>0</td>
<td>Dais_Technologies.Code_Exercise_paint_calculator_AutomationScript.ResultTest@3327bd23</td></tr>
<tr>
<td title='Dais_Technologies.Code_Exercise_paint_calculator_AutomationScript.ResultTest.AmountofFeettoPaint()'><b>AmountofFeettoPaint</b><br>Test class: Dais_Technologies.Code_Exercise_paint_calculator_AutomationScript.ResultTest<br>Parameters: 10, 25, 60</td>
<td></td>
<td>0</td>
<td>Dais_Technologies.Code_Exercise_paint_calculator_AutomationScript.ResultTest@3327bd23</td></tr>
<tr>
<td title='Dais_Technologies.Code_Exercise_paint_calculator_AutomationScript.ResultTest.AmountofFeettoPaint()'><b>AmountofFeettoPaint</b><br>Test class: Dais_Technologies.Code_Exercise_paint_calculator_AutomationScript.ResultTest<br>Parameters: 20, 25, 30</td>
<td></td>
<td>0</td>
<td>Dais_Technologies.Code_Exercise_paint_calculator_AutomationScript.ResultTest@3327bd23</td></tr>
<tr>
<td title='Dais_Technologies.Code_Exercise_paint_calculator_AutomationScript.DimensionsTest.HeightTextboxVerify_Zero()'><b>HeightTextboxVerify_Zero</b><br>Test class: Dais_Technologies.Code_Exercise_paint_calculator_AutomationScript.DimensionsTest</td>
<td></td>
<td>0</td>
<td>Dais_Technologies.Code_Exercise_paint_calculator_AutomationScript.DimensionsTest@4e1d422d</td></tr>
<tr>
<td title='Dais_Technologies.Code_Exercise_paint_calculator_AutomationScript.DimensionsTest.HeightTextboxVerify_decimal()'><b>HeightTextboxVerify_decimal</b><br>Test class: Dais_Technologies.Code_Exercise_paint_calculator_AutomationScript.DimensionsTest</td>
<td></td>
<td>0</td>
<td>Dais_Technologies.Code_Exercise_paint_calculator_AutomationScript.DimensionsTest@4e1d422d</td></tr>
<tr>
<td title='Dais_Technologies.Code_Exercise_paint_calculator_AutomationScript.DimensionsTest.HeightTextboxVerify_negative()'><b>HeightTextboxVerify_negative</b><br>Test class: Dais_Technologies.Code_Exercise_paint_calculator_AutomationScript.DimensionsTest</td>
<td></td>
<td>0</td>
<td>Dais_Technologies.Code_Exercise_paint_calculator_AutomationScript.DimensionsTest@4e1d422d</td></tr>
<tr>
<td title='Dais_Technologies.Code_Exercise_paint_calculator_AutomationScript.DimensionsTest.HeightTextboxVerify_null()'><b>HeightTextboxVerify_null</b><br>Test class: Dais_Technologies.Code_Exercise_paint_calculator_AutomationScript.DimensionsTest</td>
<td></td>
<td>0</td>
<td>Dais_Technologies.Code_Exercise_paint_calculator_AutomationScript.DimensionsTest@4e1d422d</td></tr>
<tr>
<td title='Dais_Technologies.Code_Exercise_paint_calculator_AutomationScript.DimensionsTest.LengthTextboxVerify_Zero()'><b>LengthTextboxVerify_Zero</b><br>Test class: Dais_Technologies.Code_Exercise_paint_calculator_AutomationScript.DimensionsTest</td>
<td></td>
<td>0</td>
<td>Dais_Technologies.Code_Exercise_paint_calculator_AutomationScript.DimensionsTest@4e1d422d</td></tr>
<tr>
<td title='Dais_Technologies.Code_Exercise_paint_calculator_AutomationScript.DimensionsTest.LengthTextboxVerify_decimal()'><b>LengthTextboxVerify_decimal</b><br>Test class: Dais_Technologies.Code_Exercise_paint_calculator_AutomationScript.DimensionsTest</td>
<td></td>
<td>0</td>
<td>Dais_Technologies.Code_Exercise_paint_calculator_AutomationScript.DimensionsTest@4e1d422d</td></tr>
<tr>
<td title='Dais_Technologies.Code_Exercise_paint_calculator_AutomationScript.DimensionsTest.LengthTextboxVerify_negative()'><b>LengthTextboxVerify_negative</b><br>Test class: Dais_Technologies.Code_Exercise_paint_calculator_AutomationScript.DimensionsTest</td>
<td></td>
<td>0</td>
<td>Dais_Technologies.Code_Exercise_paint_calculator_AutomationScript.DimensionsTest@4e1d422d</td></tr>
<tr>
<td title='Dais_Technologies.Code_Exercise_paint_calculator_AutomationScript.DimensionsTest.LengthTextboxVerify_null()'><b>LengthTextboxVerify_null</b><br>Test class: Dais_Technologies.Code_Exercise_paint_calculator_AutomationScript.DimensionsTest</td>
<td></td>
<td>0</td>
<td>Dais_Technologies.Code_Exercise_paint_calculator_AutomationScript.DimensionsTest@4e1d422d</td></tr>
<tr>
<td title='Dais_Technologies.Code_Exercise_paint_calculator_AutomationScript.BaseTest.Redirect()'><b>Redirect</b><br>Test class: Dais_Technologies.Code_Exercise_paint_calculator_AutomationScript.BaseTest</td>
<td></td>
<td>0</td>
<td>Dais_Technologies.Code_Exercise_paint_calculator_AutomationScript.BaseTest@a67c67e</td></tr>
<tr>
<td title='Dais_Technologies.Code_Exercise_paint_calculator_AutomationScript.ResultTest.Redirect()'><b>Redirect</b><br>Test class: Dais_Technologies.Code_Exercise_paint_calculator_AutomationScript.ResultTest</td>
<td></td>
<td>0</td>
<td>Dais_Technologies.Code_Exercise_paint_calculator_AutomationScript.ResultTest@3327bd23</td></tr>
<tr>
<td title='Dais_Technologies.Code_Exercise_paint_calculator_AutomationScript.DimensionsTest.Redirect()'><b>Redirect</b><br>Test class: Dais_Technologies.Code_Exercise_paint_calculator_AutomationScript.DimensionsTest</td>
<td></td>
<td>0</td>
<td>Dais_Technologies.Code_Exercise_paint_calculator_AutomationScript.DimensionsTest@4e1d422d</td></tr>
<tr>
<td title='Dais_Technologies.Code_Exercise_paint_calculator_AutomationScript.BaseTest.TextboxLength()'><b>TextboxLength</b><br>Test class: Dais_Technologies.Code_Exercise_paint_calculator_AutomationScript.BaseTest</td>
<td></td>
<td>0</td>
<td>Dais_Technologies.Code_Exercise_paint_calculator_AutomationScript.BaseTest@a67c67e</td></tr>
<tr>
<td title='Dais_Technologies.Code_Exercise_paint_calculator_AutomationScript.DimensionsTest.TextboxLength_Height()'><b>TextboxLength_Height</b><br>Test class: Dais_Technologies.Code_Exercise_paint_calculator_AutomationScript.DimensionsTest</td>
<td></td>
<td>0</td>
<td>Dais_Technologies.Code_Exercise_paint_calculator_AutomationScript.DimensionsTest@4e1d422d</td></tr>
<tr>
<td title='Dais_Technologies.Code_Exercise_paint_calculator_AutomationScript.DimensionsTest.TextboxLength_Length()'><b>TextboxLength_Length</b><br>Test class: Dais_Technologies.Code_Exercise_paint_calculator_AutomationScript.DimensionsTest</td>
<td></td>
<td>0</td>
<td>Dais_Technologies.Code_Exercise_paint_calculator_AutomationScript.DimensionsTest@4e1d422d</td></tr>
<tr>
<td title='Dais_Technologies.Code_Exercise_paint_calculator_AutomationScript.DimensionsTest.TextboxLength_Width()'><b>TextboxLength_Width</b><br>Test class: Dais_Technologies.Code_Exercise_paint_calculator_AutomationScript.DimensionsTest</td>
<td></td>
<td>0</td>
<td>Dais_Technologies.Code_Exercise_paint_calculator_AutomationScript.DimensionsTest@4e1d422d</td></tr>
<tr>
<td title='Dais_Technologies.Code_Exercise_paint_calculator_AutomationScript.BaseTest.TextboxVerify_Decimal()'><b>TextboxVerify_Decimal</b><br>Test class: Dais_Technologies.Code_Exercise_paint_calculator_AutomationScript.BaseTest</td>
<td></td>
<td>0</td>
<td>Dais_Technologies.Code_Exercise_paint_calculator_AutomationScript.BaseTest@a67c67e</td></tr>
<tr>
<td title='Dais_Technologies.Code_Exercise_paint_calculator_AutomationScript.BaseTest.TextboxVerify_Negative()'><b>TextboxVerify_Negative</b><br>Test class: Dais_Technologies.Code_Exercise_paint_calculator_AutomationScript.BaseTest</td>
<td></td>
<td>0</td>
<td>Dais_Technologies.Code_Exercise_paint_calculator_AutomationScript.BaseTest@a67c67e</td></tr>
<tr>
<td title='Dais_Technologies.Code_Exercise_paint_calculator_AutomationScript.BaseTest.TextboxVerify_Zero()'><b>TextboxVerify_Zero</b><br>Test class: Dais_Technologies.Code_Exercise_paint_calculator_AutomationScript.BaseTest</td>
<td></td>
<td>0</td>
<td>Dais_Technologies.Code_Exercise_paint_calculator_AutomationScript.BaseTest@a67c67e</td></tr>
<tr>
<td title='Dais_Technologies.Code_Exercise_paint_calculator_AutomationScript.BaseTest.TextboxVerify_null()'><b>TextboxVerify_null</b><br>Test class: Dais_Technologies.Code_Exercise_paint_calculator_AutomationScript.BaseTest</td>
<td></td>
<td>0</td>
<td>Dais_Technologies.Code_Exercise_paint_calculator_AutomationScript.BaseTest@a67c67e</td></tr>
<tr>
<td title='Dais_Technologies.Code_Exercise_paint_calculator_AutomationScript.DimensionsTest.WidthTextboxVerify_Zero()'><b>WidthTextboxVerify_Zero</b><br>Test class: Dais_Technologies.Code_Exercise_paint_calculator_AutomationScript.DimensionsTest</td>
<td></td>
<td>0</td>
<td>Dais_Technologies.Code_Exercise_paint_calculator_AutomationScript.DimensionsTest@4e1d422d</td></tr>
<tr>
<td title='Dais_Technologies.Code_Exercise_paint_calculator_AutomationScript.DimensionsTest.WidthTextboxVerify_decimal()'><b>WidthTextboxVerify_decimal</b><br>Test class: Dais_Technologies.Code_Exercise_paint_calculator_AutomationScript.DimensionsTest</td>
<td></td>
<td>0</td>
<td>Dais_Technologies.Code_Exercise_paint_calculator_AutomationScript.DimensionsTest@4e1d422d</td></tr>
<tr>
<td title='Dais_Technologies.Code_Exercise_paint_calculator_AutomationScript.DimensionsTest.WidthTextboxVerify_negative()'><b>WidthTextboxVerify_negative</b><br>Test class: Dais_Technologies.Code_Exercise_paint_calculator_AutomationScript.DimensionsTest</td>
<td></td>
<td>0</td>
<td>Dais_Technologies.Code_Exercise_paint_calculator_AutomationScript.DimensionsTest@4e1d422d</td></tr>
<tr>
<td title='Dais_Technologies.Code_Exercise_paint_calculator_AutomationScript.DimensionsTest.WidthTextboxVerify_null()'><b>WidthTextboxVerify_null</b><br>Test class: Dais_Technologies.Code_Exercise_paint_calculator_AutomationScript.DimensionsTest</td>
<td></td>
<td>0</td>
<td>Dais_Technologies.Code_Exercise_paint_calculator_AutomationScript.DimensionsTest@4e1d422d</td></tr>
<tr>
<td title='Dais_Technologies.Code_Exercise_paint_calculator_AutomationScript.ResultTest.isElementPresent()'><b>isElementPresent</b><br>Test class: Dais_Technologies.Code_Exercise_paint_calculator_AutomationScript.ResultTest</td>
<td></td>
<td>0</td>
<td>Dais_Technologies.Code_Exercise_paint_calculator_AutomationScript.ResultTest@3327bd23</td></tr>
<tr>
<td title='Dais_Technologies.Code_Exercise_paint_calculator_AutomationScript.DimensionsTest.isElementPresent()'><b>isElementPresent</b><br>Test class: Dais_Technologies.Code_Exercise_paint_calculator_AutomationScript.DimensionsTest</td>
<td></td>
<td>0</td>
<td>Dais_Technologies.Code_Exercise_paint_calculator_AutomationScript.DimensionsTest@4e1d422d</td></tr>
<tr>
<td title='Dais_Technologies.Code_Exercise_paint_calculator_AutomationScript.BaseTest.isElementpresent()'><b>isElementpresent</b><br>Test class: Dais_Technologies.Code_Exercise_paint_calculator_AutomationScript.BaseTest</td>
<td></td>
<td>0</td>
<td>Dais_Technologies.Code_Exercise_paint_calculator_AutomationScript.BaseTest@a67c67e</td></tr>
</table><p>
</body>
</html>