<?xml version="1.0" encoding="UTF-8"?>
<testng-results skipped="0" failed="5" ignored="0" total="34" passed="29">
  <reporter-output>
  </reporter-output>
  <suite name="Suite" duration-ms="76446" started-at="2019-02-12T02:05:39Z" finished-at="2019-02-12T02:06:55Z">
    <groups>
    </groups>
    <test name="Test" duration-ms="76446" started-at="2019-02-12T02:05:39Z" finished-at="2019-02-12T02:06:55Z">
      <class name="Dais_Technologies.Code_Exercise_paint_calculator_AutomationScript.BaseTest">
        <test-method status="PASS" signature="Initialization()[pri:0, instance:Dais_Technologies.Code_Exercise_paint_calculator_AutomationScript.BaseTest@a67c67e]" name="Initialization" is-config="true" duration-ms="3353" started-at="2019-02-12T02:05:39Z" finished-at="2019-02-12T02:05:42Z">
          <reporter-output>
          </reporter-output>
        </test-method> <!-- Initialization -->
        <test-method status="FAIL" signature="InternalServerErrorCase()[pri:0, instance:Dais_Technologies.Code_Exercise_paint_calculator_AutomationScript.BaseTest@a67c67e]" name="InternalServerErrorCase" duration-ms="312" started-at="2019-02-12T02:05:42Z" finished-at="2019-02-12T02:05:43Z">
          <exception class="java.lang.AssertionError">
            <full-stacktrace>
              <![CDATA[java.lang.AssertionError: 
at org.testng.AssertJUnit.fail(AssertJUnit.java:59)
at org.testng.AssertJUnit.assertTrue(AssertJUnit.java:24)
at org.testng.AssertJUnit.assertFalse(AssertJUnit.java:41)
at org.testng.AssertJUnit.assertFalse(AssertJUnit.java:49)
at Dais_Technologies.Code_Exercise_paint_calculator_AutomationScript.BaseTest.InternalServerErrorCase(BaseTest.java:82)
at sun.reflect.NativeMethodAccessorImpl.invoke0(Native Method)
at sun.reflect.NativeMethodAccessorImpl.invoke(NativeMethodAccessorImpl.java:62)
at sun.reflect.DelegatingMethodAccessorImpl.invoke(DelegatingMethodAccessorImpl.java:43)
at java.lang.reflect.Method.invoke(Method.java:498)
at org.testng.internal.MethodInvocationHelper.invokeMethod(MethodInvocationHelper.java:124)
at org.testng.internal.Invoker.invokeMethod(Invoker.java:580)
at org.testng.internal.Invoker.invokeTestMethod(Invoker.java:716)
at org.testng.internal.Invoker.invokeTestMethods(Invoker.java:988)
at org.testng.internal.TestMethodWorker.invokeTestMethods(TestMethodWorker.java:125)
at org.testng.internal.TestMethodWorker.run(TestMethodWorker.java:109)
at org.testng.TestRunner.privateRun(TestRunner.java:648)
at org.testng.TestRunner.run(TestRunner.java:505)
at org.testng.SuiteRunner.runTest(SuiteRunner.java:455)
at org.testng.SuiteRunner.runSequentially(SuiteRunner.java:450)
at org.testng.SuiteRunner.privateRun(SuiteRunner.java:415)
at org.testng.SuiteRunner.run(SuiteRunner.java:364)
at org.testng.SuiteRunnerWorker.runSuite(SuiteRunnerWorker.java:52)
at org.testng.SuiteRunnerWorker.run(SuiteRunnerWorker.java:84)
at org.testng.TestNG.runSuitesSequentially(TestNG.java:1208)
at org.testng.TestNG.runSuitesLocally(TestNG.java:1137)
at org.testng.TestNG.runSuites(TestNG.java:1049)
at org.testng.TestNG.run(TestNG.java:1017)
at org.testng.remote.AbstractRemoteTestNG.run(AbstractRemoteTestNG.java:114)
at org.testng.remote.RemoteTestNG.initAndRun(RemoteTestNG.java:251)
at org.testng.remote.RemoteTestNG.main(RemoteTestNG.java:77)
]]>
            </full-stacktrace>
          </exception> <!-- java.lang.AssertionError -->
          <reporter-output>
          </reporter-output>
        </test-method> <!-- InternalServerErrorCase -->
        <test-method status="PASS" signature="quit()[pri:0, instance:Dais_Technologies.Code_Exercise_paint_calculator_AutomationScript.BaseTest@a67c67e]" name="quit" is-config="true" duration-ms="155" started-at="2019-02-12T02:05:43Z" finished-at="2019-02-12T02:05:43Z">
          <reporter-output>
          </reporter-output>
        </test-method> <!-- quit -->
        <test-method status="PASS" signature="Initialization()[pri:0, instance:Dais_Technologies.Code_Exercise_paint_calculator_AutomationScript.BaseTest@a67c67e]" name="Initialization" is-config="true" duration-ms="1947" started-at="2019-02-12T02:05:43Z" finished-at="2019-02-12T02:05:45Z">
          <reporter-output>
          </reporter-output>
        </test-method> <!-- Initialization -->
        <test-method status="PASS" signature="Redirect()[pri:0, instance:Dais_Technologies.Code_Exercise_paint_calculator_AutomationScript.BaseTest@a67c67e]" name="Redirect" duration-ms="264" started-at="2019-02-12T02:05:45Z" finished-at="2019-02-12T02:05:45Z">
          <reporter-output>
          </reporter-output>
        </test-method> <!-- Redirect -->
        <test-method status="PASS" signature="quit()[pri:0, instance:Dais_Technologies.Code_Exercise_paint_calculator_AutomationScript.BaseTest@a67c67e]" name="quit" is-config="true" duration-ms="103" started-at="2019-02-12T02:05:45Z" finished-at="2019-02-12T02:05:45Z">
          <reporter-output>
          </reporter-output>
        </test-method> <!-- quit -->
        <test-method status="PASS" signature="Initialization()[pri:0, instance:Dais_Technologies.Code_Exercise_paint_calculator_AutomationScript.BaseTest@a67c67e]" name="Initialization" is-config="true" duration-ms="1740" started-at="2019-02-12T02:05:45Z" finished-at="2019-02-12T02:05:47Z">
          <reporter-output>
          </reporter-output>
        </test-method> <!-- Initialization -->
        <test-method status="PASS" signature="TextboxLength()[pri:0, instance:Dais_Technologies.Code_Exercise_paint_calculator_AutomationScript.BaseTest@a67c67e]" name="TextboxLength" duration-ms="30" started-at="2019-02-12T02:05:47Z" finished-at="2019-02-12T02:05:47Z">
          <reporter-output>
          </reporter-output>
        </test-method> <!-- TextboxLength -->
        <test-method status="PASS" signature="quit()[pri:0, instance:Dais_Technologies.Code_Exercise_paint_calculator_AutomationScript.BaseTest@a67c67e]" name="quit" is-config="true" duration-ms="113" started-at="2019-02-12T02:05:47Z" finished-at="2019-02-12T02:05:47Z">
          <reporter-output>
          </reporter-output>
        </test-method> <!-- quit -->
        <test-method status="PASS" signature="Initialization()[pri:0, instance:Dais_Technologies.Code_Exercise_paint_calculator_AutomationScript.BaseTest@a67c67e]" name="Initialization" is-config="true" duration-ms="1716" started-at="2019-02-12T02:05:47Z" finished-at="2019-02-12T02:05:49Z">
          <reporter-output>
          </reporter-output>
        </test-method> <!-- Initialization -->
        <test-method status="PASS" signature="TextboxVerify_Decimal()[pri:0, instance:Dais_Technologies.Code_Exercise_paint_calculator_AutomationScript.BaseTest@a67c67e]" name="TextboxVerify_Decimal" duration-ms="134" started-at="2019-02-12T02:05:49Z" finished-at="2019-02-12T02:05:49Z">
          <reporter-output>
          </reporter-output>
        </test-method> <!-- TextboxVerify_Decimal -->
        <test-method status="PASS" signature="quit()[pri:0, instance:Dais_Technologies.Code_Exercise_paint_calculator_AutomationScript.BaseTest@a67c67e]" name="quit" is-config="true" duration-ms="91" started-at="2019-02-12T02:05:49Z" finished-at="2019-02-12T02:05:49Z">
          <reporter-output>
          </reporter-output>
        </test-method> <!-- quit -->
        <test-method status="PASS" signature="Initialization()[pri:0, instance:Dais_Technologies.Code_Exercise_paint_calculator_AutomationScript.BaseTest@a67c67e]" name="Initialization" is-config="true" duration-ms="1675" started-at="2019-02-12T02:05:49Z" finished-at="2019-02-12T02:05:51Z">
          <reporter-output>
          </reporter-output>
        </test-method> <!-- Initialization -->
        <test-method status="PASS" signature="TextboxVerify_Negative()[pri:0, instance:Dais_Technologies.Code_Exercise_paint_calculator_AutomationScript.BaseTest@a67c67e]" name="TextboxVerify_Negative" duration-ms="147" started-at="2019-02-12T02:05:51Z" finished-at="2019-02-12T02:05:51Z">
          <reporter-output>
          </reporter-output>
        </test-method> <!-- TextboxVerify_Negative -->
        <test-method status="PASS" signature="quit()[pri:0, instance:Dais_Technologies.Code_Exercise_paint_calculator_AutomationScript.BaseTest@a67c67e]" name="quit" is-config="true" duration-ms="131" started-at="2019-02-12T02:05:51Z" finished-at="2019-02-12T02:05:51Z">
          <reporter-output>
          </reporter-output>
        </test-method> <!-- quit -->
        <test-method status="PASS" signature="Initialization()[pri:0, instance:Dais_Technologies.Code_Exercise_paint_calculator_AutomationScript.BaseTest@a67c67e]" name="Initialization" is-config="true" duration-ms="1746" started-at="2019-02-12T02:05:51Z" finished-at="2019-02-12T02:05:53Z">
          <reporter-output>
          </reporter-output>
        </test-method> <!-- Initialization -->
        <test-method status="PASS" signature="TextboxVerify_Zero()[pri:0, instance:Dais_Technologies.Code_Exercise_paint_calculator_AutomationScript.BaseTest@a67c67e]" name="TextboxVerify_Zero" duration-ms="135" started-at="2019-02-12T02:05:53Z" finished-at="2019-02-12T02:05:53Z">
          <reporter-output>
          </reporter-output>
        </test-method> <!-- TextboxVerify_Zero -->
        <test-method status="PASS" signature="quit()[pri:0, instance:Dais_Technologies.Code_Exercise_paint_calculator_AutomationScript.BaseTest@a67c67e]" name="quit" is-config="true" duration-ms="93" started-at="2019-02-12T02:05:53Z" finished-at="2019-02-12T02:05:53Z">
          <reporter-output>
          </reporter-output>
        </test-method> <!-- quit -->
        <test-method status="PASS" signature="Initialization()[pri:0, instance:Dais_Technologies.Code_Exercise_paint_calculator_AutomationScript.BaseTest@a67c67e]" name="Initialization" is-config="true" duration-ms="1593" started-at="2019-02-12T02:05:53Z" finished-at="2019-02-12T02:05:54Z">
          <reporter-output>
          </reporter-output>
        </test-method> <!-- Initialization -->
        <test-method status="PASS" signature="TextboxVerify_null()[pri:0, instance:Dais_Technologies.Code_Exercise_paint_calculator_AutomationScript.BaseTest@a67c67e]" name="TextboxVerify_null" duration-ms="121" started-at="2019-02-12T02:05:54Z" finished-at="2019-02-12T02:05:55Z">
          <reporter-output>
          </reporter-output>
        </test-method> <!-- TextboxVerify_null -->
        <test-method status="PASS" signature="quit()[pri:0, instance:Dais_Technologies.Code_Exercise_paint_calculator_AutomationScript.BaseTest@a67c67e]" name="quit" is-config="true" duration-ms="100" started-at="2019-02-12T02:05:55Z" finished-at="2019-02-12T02:05:55Z">
          <reporter-output>
          </reporter-output>
        </test-method> <!-- quit -->
        <test-method status="PASS" signature="Initialization()[pri:0, instance:Dais_Technologies.Code_Exercise_paint_calculator_AutomationScript.BaseTest@a67c67e]" name="Initialization" is-config="true" duration-ms="1706" started-at="2019-02-12T02:05:55Z" finished-at="2019-02-12T02:05:56Z">
          <reporter-output>
          </reporter-output>
        </test-method> <!-- Initialization -->
        <test-method status="PASS" signature="isElementpresent()[pri:0, instance:Dais_Technologies.Code_Exercise_paint_calculator_AutomationScript.BaseTest@a67c67e]" name="isElementpresent" duration-ms="141" started-at="2019-02-12T02:05:56Z" finished-at="2019-02-12T02:05:56Z">
          <reporter-output>
          </reporter-output>
        </test-method> <!-- isElementpresent -->
        <test-method status="PASS" signature="quit()[pri:0, instance:Dais_Technologies.Code_Exercise_paint_calculator_AutomationScript.BaseTest@a67c67e]" name="quit" is-config="true" duration-ms="99" started-at="2019-02-12T02:05:56Z" finished-at="2019-02-12T02:05:57Z">
          <reporter-output>
          </reporter-output>
        </test-method> <!-- quit -->
      </class> <!-- Dais_Technologies.Code_Exercise_paint_calculator_AutomationScript.BaseTest -->
      <class name="Dais_Technologies.Code_Exercise_paint_calculator_AutomationScript.DimensionsTest">
        <test-method status="PASS" signature="Initialization()[pri:0, instance:Dais_Technologies.Code_Exercise_paint_calculator_AutomationScript.DimensionsTest@4e1d422d]" name="Initialization" is-config="true" duration-ms="1910" started-at="2019-02-12T02:06:16Z" finished-at="2019-02-12T02:06:18Z">
          <reporter-output>
          </reporter-output>
        </test-method> <!-- Initialization -->
        <test-method status="PASS" signature="HeightTextboxVerify_Zero()[pri:0, instance:Dais_Technologies.Code_Exercise_paint_calculator_AutomationScript.DimensionsTest@4e1d422d]" name="HeightTextboxVerify_Zero" duration-ms="64" started-at="2019-02-12T02:06:18Z" finished-at="2019-02-12T02:06:18Z">
          <reporter-output>
          </reporter-output>
        </test-method> <!-- HeightTextboxVerify_Zero -->
        <test-method status="PASS" signature="quit()[pri:0, instance:Dais_Technologies.Code_Exercise_paint_calculator_AutomationScript.DimensionsTest@4e1d422d]" name="quit" is-config="true" duration-ms="107" started-at="2019-02-12T02:06:18Z" finished-at="2019-02-12T02:06:18Z">
          <reporter-output>
          </reporter-output>
        </test-method> <!-- quit -->
        <test-method status="PASS" signature="Initialization()[pri:0, instance:Dais_Technologies.Code_Exercise_paint_calculator_AutomationScript.DimensionsTest@4e1d422d]" name="Initialization" is-config="true" duration-ms="1762" started-at="2019-02-12T02:06:18Z" finished-at="2019-02-12T02:06:20Z">
          <reporter-output>
          </reporter-output>
        </test-method> <!-- Initialization -->
        <test-method status="PASS" signature="HeightTextboxVerify_decimal()[pri:0, instance:Dais_Technologies.Code_Exercise_paint_calculator_AutomationScript.DimensionsTest@4e1d422d]" name="HeightTextboxVerify_decimal" duration-ms="75" started-at="2019-02-12T02:06:20Z" finished-at="2019-02-12T02:06:20Z">
          <reporter-output>
          </reporter-output>
        </test-method> <!-- HeightTextboxVerify_decimal -->
        <test-method status="PASS" signature="quit()[pri:0, instance:Dais_Technologies.Code_Exercise_paint_calculator_AutomationScript.DimensionsTest@4e1d422d]" name="quit" is-config="true" duration-ms="107" started-at="2019-02-12T02:06:20Z" finished-at="2019-02-12T02:06:20Z">
          <reporter-output>
          </reporter-output>
        </test-method> <!-- quit -->
        <test-method status="PASS" signature="Initialization()[pri:0, instance:Dais_Technologies.Code_Exercise_paint_calculator_AutomationScript.DimensionsTest@4e1d422d]" name="Initialization" is-config="true" duration-ms="1941" started-at="2019-02-12T02:06:20Z" finished-at="2019-02-12T02:06:22Z">
          <reporter-output>
          </reporter-output>
        </test-method> <!-- Initialization -->
        <test-method status="PASS" signature="HeightTextboxVerify_negative()[pri:0, instance:Dais_Technologies.Code_Exercise_paint_calculator_AutomationScript.DimensionsTest@4e1d422d]" name="HeightTextboxVerify_negative" duration-ms="73" started-at="2019-02-12T02:06:22Z" finished-at="2019-02-12T02:06:22Z">
          <reporter-output>
          </reporter-output>
        </test-method> <!-- HeightTextboxVerify_negative -->
        <test-method status="PASS" signature="quit()[pri:0, instance:Dais_Technologies.Code_Exercise_paint_calculator_AutomationScript.DimensionsTest@4e1d422d]" name="quit" is-config="true" duration-ms="96" started-at="2019-02-12T02:06:22Z" finished-at="2019-02-12T02:06:22Z">
          <reporter-output>
          </reporter-output>
        </test-method> <!-- quit -->
        <test-method status="PASS" signature="Initialization()[pri:0, instance:Dais_Technologies.Code_Exercise_paint_calculator_AutomationScript.DimensionsTest@4e1d422d]" name="Initialization" is-config="true" duration-ms="1874" started-at="2019-02-12T02:06:22Z" finished-at="2019-02-12T02:06:24Z">
          <reporter-output>
          </reporter-output>
        </test-method> <!-- Initialization -->
        <test-method status="PASS" signature="HeightTextboxVerify_null()[pri:0, instance:Dais_Technologies.Code_Exercise_paint_calculator_AutomationScript.DimensionsTest@4e1d422d]" name="HeightTextboxVerify_null" duration-ms="59" started-at="2019-02-12T02:06:24Z" finished-at="2019-02-12T02:06:24Z">
          <reporter-output>
          </reporter-output>
        </test-method> <!-- HeightTextboxVerify_null -->
        <test-method status="PASS" signature="quit()[pri:0, instance:Dais_Technologies.Code_Exercise_paint_calculator_AutomationScript.DimensionsTest@4e1d422d]" name="quit" is-config="true" duration-ms="104" started-at="2019-02-12T02:06:24Z" finished-at="2019-02-12T02:06:24Z">
          <reporter-output>
          </reporter-output>
        </test-method> <!-- quit -->
        <test-method status="PASS" signature="Initialization()[pri:0, instance:Dais_Technologies.Code_Exercise_paint_calculator_AutomationScript.DimensionsTest@4e1d422d]" name="Initialization" is-config="true" duration-ms="2225" started-at="2019-02-12T02:06:24Z" finished-at="2019-02-12T02:06:26Z">
          <reporter-output>
          </reporter-output>
        </test-method> <!-- Initialization -->
        <test-method status="FAIL" signature="InternalServerErrorCase()[pri:0, instance:Dais_Technologies.Code_Exercise_paint_calculator_AutomationScript.DimensionsTest@4e1d422d]" name="InternalServerErrorCase" duration-ms="359" started-at="2019-02-12T02:06:26Z" finished-at="2019-02-12T02:06:27Z">
          <exception class="java.lang.AssertionError">
            <full-stacktrace>
              <![CDATA[java.lang.AssertionError: 
at org.testng.AssertJUnit.fail(AssertJUnit.java:59)
at org.testng.AssertJUnit.assertTrue(AssertJUnit.java:24)
at org.testng.AssertJUnit.assertFalse(AssertJUnit.java:41)
at org.testng.AssertJUnit.assertFalse(AssertJUnit.java:49)
at Dais_Technologies.Code_Exercise_paint_calculator_AutomationScript.DimensionsTest.InternalServerErrorCase(DimensionsTest.java:262)
at sun.reflect.NativeMethodAccessorImpl.invoke0(Native Method)
at sun.reflect.NativeMethodAccessorImpl.invoke(NativeMethodAccessorImpl.java:62)
at sun.reflect.DelegatingMethodAccessorImpl.invoke(DelegatingMethodAccessorImpl.java:43)
at java.lang.reflect.Method.invoke(Method.java:498)
at org.testng.internal.MethodInvocationHelper.invokeMethod(MethodInvocationHelper.java:124)
at org.testng.internal.Invoker.invokeMethod(Invoker.java:580)
at org.testng.internal.Invoker.invokeTestMethod(Invoker.java:716)
at org.testng.internal.Invoker.invokeTestMethods(Invoker.java:988)
at org.testng.internal.TestMethodWorker.invokeTestMethods(TestMethodWorker.java:125)
at org.testng.internal.TestMethodWorker.run(TestMethodWorker.java:109)
at org.testng.TestRunner.privateRun(TestRunner.java:648)
at org.testng.TestRunner.run(TestRunner.java:505)
at org.testng.SuiteRunner.runTest(SuiteRunner.java:455)
at org.testng.SuiteRunner.runSequentially(SuiteRunner.java:450)
at org.testng.SuiteRunner.privateRun(SuiteRunner.java:415)
at org.testng.SuiteRunner.run(SuiteRunner.java:364)
at org.testng.SuiteRunnerWorker.runSuite(SuiteRunnerWorker.java:52)
at org.testng.SuiteRunnerWorker.run(SuiteRunnerWorker.java:84)
at org.testng.TestNG.runSuitesSequentially(TestNG.java:1208)
at org.testng.TestNG.runSuitesLocally(TestNG.java:1137)
at org.testng.TestNG.runSuites(TestNG.java:1049)
at org.testng.TestNG.run(TestNG.java:1017)
at org.testng.remote.AbstractRemoteTestNG.run(AbstractRemoteTestNG.java:114)
at org.testng.remote.RemoteTestNG.initAndRun(RemoteTestNG.java:251)
at org.testng.remote.RemoteTestNG.main(RemoteTestNG.java:77)
]]>
            </full-stacktrace>
          </exception> <!-- java.lang.AssertionError -->
          <reporter-output>
          </reporter-output>
        </test-method> <!-- InternalServerErrorCase -->
        <test-method status="PASS" signature="quit()[pri:0, instance:Dais_Technologies.Code_Exercise_paint_calculator_AutomationScript.DimensionsTest@4e1d422d]" name="quit" is-config="true" duration-ms="146" started-at="2019-02-12T02:06:27Z" finished-at="2019-02-12T02:06:27Z">
          <reporter-output>
          </reporter-output>
        </test-method> <!-- quit -->
        <test-method status="PASS" signature="Initialization()[pri:0, instance:Dais_Technologies.Code_Exercise_paint_calculator_AutomationScript.DimensionsTest@4e1d422d]" name="Initialization" is-config="true" duration-ms="2028" started-at="2019-02-12T02:06:27Z" finished-at="2019-02-12T02:06:29Z">
          <reporter-output>
          </reporter-output>
        </test-method> <!-- Initialization -->
        <test-method status="PASS" signature="LengthTextboxVerify_Zero()[pri:0, instance:Dais_Technologies.Code_Exercise_paint_calculator_AutomationScript.DimensionsTest@4e1d422d]" name="LengthTextboxVerify_Zero" duration-ms="68" started-at="2019-02-12T02:06:29Z" finished-at="2019-02-12T02:06:29Z">
          <reporter-output>
          </reporter-output>
        </test-method> <!-- LengthTextboxVerify_Zero -->
        <test-method status="PASS" signature="quit()[pri:0, instance:Dais_Technologies.Code_Exercise_paint_calculator_AutomationScript.DimensionsTest@4e1d422d]" name="quit" is-config="true" duration-ms="99" started-at="2019-02-12T02:06:29Z" finished-at="2019-02-12T02:06:29Z">
          <reporter-output>
          </reporter-output>
        </test-method> <!-- quit -->
        <test-method status="PASS" signature="Initialization()[pri:0, instance:Dais_Technologies.Code_Exercise_paint_calculator_AutomationScript.DimensionsTest@4e1d422d]" name="Initialization" is-config="true" duration-ms="1857" started-at="2019-02-12T02:06:29Z" finished-at="2019-02-12T02:06:31Z">
          <reporter-output>
          </reporter-output>
        </test-method> <!-- Initialization -->
        <test-method status="PASS" signature="LengthTextboxVerify_decimal()[pri:0, instance:Dais_Technologies.Code_Exercise_paint_calculator_AutomationScript.DimensionsTest@4e1d422d]" name="LengthTextboxVerify_decimal" duration-ms="89" started-at="2019-02-12T02:06:31Z" finished-at="2019-02-12T02:06:31Z">
          <reporter-output>
          </reporter-output>
        </test-method> <!-- LengthTextboxVerify_decimal -->
        <test-method status="PASS" signature="quit()[pri:0, instance:Dais_Technologies.Code_Exercise_paint_calculator_AutomationScript.DimensionsTest@4e1d422d]" name="quit" is-config="true" duration-ms="103" started-at="2019-02-12T02:06:31Z" finished-at="2019-02-12T02:06:31Z">
          <reporter-output>
          </reporter-output>
        </test-method> <!-- quit -->
        <test-method status="PASS" signature="Initialization()[pri:0, instance:Dais_Technologies.Code_Exercise_paint_calculator_AutomationScript.DimensionsTest@4e1d422d]" name="Initialization" is-config="true" duration-ms="1821" started-at="2019-02-12T02:06:31Z" finished-at="2019-02-12T02:06:33Z">
          <reporter-output>
          </reporter-output>
        </test-method> <!-- Initialization -->
        <test-method status="PASS" signature="LengthTextboxVerify_negative()[pri:0, instance:Dais_Technologies.Code_Exercise_paint_calculator_AutomationScript.DimensionsTest@4e1d422d]" name="LengthTextboxVerify_negative" duration-ms="78" started-at="2019-02-12T02:06:33Z" finished-at="2019-02-12T02:06:33Z">
          <reporter-output>
          </reporter-output>
        </test-method> <!-- LengthTextboxVerify_negative -->
        <test-method status="PASS" signature="quit()[pri:0, instance:Dais_Technologies.Code_Exercise_paint_calculator_AutomationScript.DimensionsTest@4e1d422d]" name="quit" is-config="true" duration-ms="113" started-at="2019-02-12T02:06:33Z" finished-at="2019-02-12T02:06:33Z">
          <reporter-output>
          </reporter-output>
        </test-method> <!-- quit -->
        <test-method status="PASS" signature="Initialization()[pri:0, instance:Dais_Technologies.Code_Exercise_paint_calculator_AutomationScript.DimensionsTest@4e1d422d]" name="Initialization" is-config="true" duration-ms="1969" started-at="2019-02-12T02:06:33Z" finished-at="2019-02-12T02:06:35Z">
          <reporter-output>
          </reporter-output>
        </test-method> <!-- Initialization -->
        <test-method status="PASS" signature="LengthTextboxVerify_null()[pri:0, instance:Dais_Technologies.Code_Exercise_paint_calculator_AutomationScript.DimensionsTest@4e1d422d]" name="LengthTextboxVerify_null" duration-ms="60" started-at="2019-02-12T02:06:35Z" finished-at="2019-02-12T02:06:35Z">
          <reporter-output>
          </reporter-output>
        </test-method> <!-- LengthTextboxVerify_null -->
        <test-method status="PASS" signature="quit()[pri:0, instance:Dais_Technologies.Code_Exercise_paint_calculator_AutomationScript.DimensionsTest@4e1d422d]" name="quit" is-config="true" duration-ms="108" started-at="2019-02-12T02:06:35Z" finished-at="2019-02-12T02:06:35Z">
          <reporter-output>
          </reporter-output>
        </test-method> <!-- quit -->
        <test-method status="PASS" signature="Initialization()[pri:0, instance:Dais_Technologies.Code_Exercise_paint_calculator_AutomationScript.DimensionsTest@4e1d422d]" name="Initialization" is-config="true" duration-ms="1893" started-at="2019-02-12T02:06:35Z" finished-at="2019-02-12T02:06:37Z">
          <reporter-output>
          </reporter-output>
        </test-method> <!-- Initialization -->
        <test-method status="PASS" signature="Redirect()[pri:0, instance:Dais_Technologies.Code_Exercise_paint_calculator_AutomationScript.DimensionsTest@4e1d422d]" name="Redirect" duration-ms="267" started-at="2019-02-12T02:06:37Z" finished-at="2019-02-12T02:06:38Z">
          <reporter-output>
          </reporter-output>
        </test-method> <!-- Redirect -->
        <test-method status="PASS" signature="quit()[pri:0, instance:Dais_Technologies.Code_Exercise_paint_calculator_AutomationScript.DimensionsTest@4e1d422d]" name="quit" is-config="true" duration-ms="115" started-at="2019-02-12T02:06:38Z" finished-at="2019-02-12T02:06:38Z">
          <reporter-output>
          </reporter-output>
        </test-method> <!-- quit -->
        <test-method status="PASS" signature="Initialization()[pri:0, instance:Dais_Technologies.Code_Exercise_paint_calculator_AutomationScript.DimensionsTest@4e1d422d]" name="Initialization" is-config="true" duration-ms="2149" started-at="2019-02-12T02:06:38Z" finished-at="2019-02-12T02:06:40Z">
          <reporter-output>
          </reporter-output>
        </test-method> <!-- Initialization -->
        <test-method status="PASS" signature="TextboxLength_Height()[pri:0, instance:Dais_Technologies.Code_Exercise_paint_calculator_AutomationScript.DimensionsTest@4e1d422d]" name="TextboxLength_Height" duration-ms="30" started-at="2019-02-12T02:06:40Z" finished-at="2019-02-12T02:06:40Z">
          <reporter-output>
          </reporter-output>
        </test-method> <!-- TextboxLength_Height -->
        <test-method status="PASS" signature="quit()[pri:0, instance:Dais_Technologies.Code_Exercise_paint_calculator_AutomationScript.DimensionsTest@4e1d422d]" name="quit" is-config="true" duration-ms="112" started-at="2019-02-12T02:06:40Z" finished-at="2019-02-12T02:06:40Z">
          <reporter-output>
          </reporter-output>
        </test-method> <!-- quit -->
        <test-method status="PASS" signature="Initialization()[pri:0, instance:Dais_Technologies.Code_Exercise_paint_calculator_AutomationScript.DimensionsTest@4e1d422d]" name="Initialization" is-config="true" duration-ms="2282" started-at="2019-02-12T02:06:40Z" finished-at="2019-02-12T02:06:42Z">
          <reporter-output>
          </reporter-output>
        </test-method> <!-- Initialization -->
        <test-method status="PASS" signature="TextboxLength_Length()[pri:0, instance:Dais_Technologies.Code_Exercise_paint_calculator_AutomationScript.DimensionsTest@4e1d422d]" name="TextboxLength_Length" duration-ms="31" started-at="2019-02-12T02:06:42Z" finished-at="2019-02-12T02:06:42Z">
          <reporter-output>
          </reporter-output>
        </test-method> <!-- TextboxLength_Length -->
        <test-method status="PASS" signature="quit()[pri:0, instance:Dais_Technologies.Code_Exercise_paint_calculator_AutomationScript.DimensionsTest@4e1d422d]" name="quit" is-config="true" duration-ms="108" started-at="2019-02-12T02:06:42Z" finished-at="2019-02-12T02:06:42Z">
          <reporter-output>
          </reporter-output>
        </test-method> <!-- quit -->
        <test-method status="PASS" signature="Initialization()[pri:0, instance:Dais_Technologies.Code_Exercise_paint_calculator_AutomationScript.DimensionsTest@4e1d422d]" name="Initialization" is-config="true" duration-ms="1929" started-at="2019-02-12T02:06:42Z" finished-at="2019-02-12T02:06:44Z">
          <reporter-output>
          </reporter-output>
        </test-method> <!-- Initialization -->
        <test-method status="PASS" signature="TextboxLength_Width()[pri:0, instance:Dais_Technologies.Code_Exercise_paint_calculator_AutomationScript.DimensionsTest@4e1d422d]" name="TextboxLength_Width" duration-ms="34" started-at="2019-02-12T02:06:44Z" finished-at="2019-02-12T02:06:44Z">
          <reporter-output>
          </reporter-output>
        </test-method> <!-- TextboxLength_Width -->
        <test-method status="PASS" signature="quit()[pri:0, instance:Dais_Technologies.Code_Exercise_paint_calculator_AutomationScript.DimensionsTest@4e1d422d]" name="quit" is-config="true" duration-ms="114" started-at="2019-02-12T02:06:44Z" finished-at="2019-02-12T02:06:44Z">
          <reporter-output>
          </reporter-output>
        </test-method> <!-- quit -->
        <test-method status="PASS" signature="Initialization()[pri:0, instance:Dais_Technologies.Code_Exercise_paint_calculator_AutomationScript.DimensionsTest@4e1d422d]" name="Initialization" is-config="true" duration-ms="1918" started-at="2019-02-12T02:06:44Z" finished-at="2019-02-12T02:06:46Z">
          <reporter-output>
          </reporter-output>
        </test-method> <!-- Initialization -->
        <test-method status="PASS" signature="WidthTextboxVerify_Zero()[pri:0, instance:Dais_Technologies.Code_Exercise_paint_calculator_AutomationScript.DimensionsTest@4e1d422d]" name="WidthTextboxVerify_Zero" duration-ms="86" started-at="2019-02-12T02:06:46Z" finished-at="2019-02-12T02:06:46Z">
          <reporter-output>
          </reporter-output>
        </test-method> <!-- WidthTextboxVerify_Zero -->
        <test-method status="PASS" signature="quit()[pri:0, instance:Dais_Technologies.Code_Exercise_paint_calculator_AutomationScript.DimensionsTest@4e1d422d]" name="quit" is-config="true" duration-ms="98" started-at="2019-02-12T02:06:46Z" finished-at="2019-02-12T02:06:47Z">
          <reporter-output>
          </reporter-output>
        </test-method> <!-- quit -->
        <test-method status="PASS" signature="Initialization()[pri:0, instance:Dais_Technologies.Code_Exercise_paint_calculator_AutomationScript.DimensionsTest@4e1d422d]" name="Initialization" is-config="true" duration-ms="2010" started-at="2019-02-12T02:06:47Z" finished-at="2019-02-12T02:06:49Z">
          <reporter-output>
          </reporter-output>
        </test-method> <!-- Initialization -->
        <test-method status="PASS" signature="WidthTextboxVerify_decimal()[pri:0, instance:Dais_Technologies.Code_Exercise_paint_calculator_AutomationScript.DimensionsTest@4e1d422d]" name="WidthTextboxVerify_decimal" duration-ms="87" started-at="2019-02-12T02:06:49Z" finished-at="2019-02-12T02:06:49Z">
          <reporter-output>
          </reporter-output>
        </test-method> <!-- WidthTextboxVerify_decimal -->
        <test-method status="PASS" signature="quit()[pri:0, instance:Dais_Technologies.Code_Exercise_paint_calculator_AutomationScript.DimensionsTest@4e1d422d]" name="quit" is-config="true" duration-ms="107" started-at="2019-02-12T02:06:49Z" finished-at="2019-02-12T02:06:49Z">
          <reporter-output>
          </reporter-output>
        </test-method> <!-- quit -->
        <test-method status="PASS" signature="Initialization()[pri:0, instance:Dais_Technologies.Code_Exercise_paint_calculator_AutomationScript.DimensionsTest@4e1d422d]" name="Initialization" is-config="true" duration-ms="1856" started-at="2019-02-12T02:06:49Z" finished-at="2019-02-12T02:06:51Z">
          <reporter-output>
          </reporter-output>
        </test-method> <!-- Initialization -->
        <test-method status="PASS" signature="WidthTextboxVerify_negative()[pri:0, instance:Dais_Technologies.Code_Exercise_paint_calculator_AutomationScript.DimensionsTest@4e1d422d]" name="WidthTextboxVerify_negative" duration-ms="73" started-at="2019-02-12T02:06:51Z" finished-at="2019-02-12T02:06:51Z">
          <reporter-output>
          </reporter-output>
        </test-method> <!-- WidthTextboxVerify_negative -->
        <test-method status="PASS" signature="quit()[pri:0, instance:Dais_Technologies.Code_Exercise_paint_calculator_AutomationScript.DimensionsTest@4e1d422d]" name="quit" is-config="true" duration-ms="116" started-at="2019-02-12T02:06:51Z" finished-at="2019-02-12T02:06:51Z">
          <reporter-output>
          </reporter-output>
        </test-method> <!-- quit -->
        <test-method status="PASS" signature="Initialization()[pri:0, instance:Dais_Technologies.Code_Exercise_paint_calculator_AutomationScript.DimensionsTest@4e1d422d]" name="Initialization" is-config="true" duration-ms="1895" started-at="2019-02-12T02:06:51Z" finished-at="2019-02-12T02:06:53Z">
          <reporter-output>
          </reporter-output>
        </test-method> <!-- Initialization -->
        <test-method status="PASS" signature="WidthTextboxVerify_null()[pri:0, instance:Dais_Technologies.Code_Exercise_paint_calculator_AutomationScript.DimensionsTest@4e1d422d]" name="WidthTextboxVerify_null" duration-ms="62" started-at="2019-02-12T02:06:53Z" finished-at="2019-02-12T02:06:53Z">
          <reporter-output>
          </reporter-output>
        </test-method> <!-- WidthTextboxVerify_null -->
        <test-method status="PASS" signature="quit()[pri:0, instance:Dais_Technologies.Code_Exercise_paint_calculator_AutomationScript.DimensionsTest@4e1d422d]" name="quit" is-config="true" duration-ms="105" started-at="2019-02-12T02:06:53Z" finished-at="2019-02-12T02:06:53Z">
          <reporter-output>
          </reporter-output>
        </test-method> <!-- quit -->
        <test-method status="PASS" signature="Initialization()[pri:0, instance:Dais_Technologies.Code_Exercise_paint_calculator_AutomationScript.DimensionsTest@4e1d422d]" name="Initialization" is-config="true" duration-ms="2148" started-at="2019-02-12T02:06:53Z" finished-at="2019-02-12T02:06:55Z">
          <reporter-output>
          </reporter-output>
        </test-method> <!-- Initialization -->
        <test-method status="PASS" signature="isElementPresent()[pri:0, instance:Dais_Technologies.Code_Exercise_paint_calculator_AutomationScript.DimensionsTest@4e1d422d]" name="isElementPresent" duration-ms="200" started-at="2019-02-12T02:06:55Z" finished-at="2019-02-12T02:06:55Z">
          <reporter-output>
          </reporter-output>
        </test-method> <!-- isElementPresent -->
        <test-method status="PASS" signature="quit()[pri:0, instance:Dais_Technologies.Code_Exercise_paint_calculator_AutomationScript.DimensionsTest@4e1d422d]" name="quit" is-config="true" duration-ms="104" started-at="2019-02-12T02:06:55Z" finished-at="2019-02-12T02:06:55Z">
          <reporter-output>
          </reporter-output>
        </test-method> <!-- quit -->
      </class> <!-- Dais_Technologies.Code_Exercise_paint_calculator_AutomationScript.DimensionsTest -->
      <class name="Dais_Technologies.Code_Exercise_paint_calculator_AutomationScript.ResultTest">
        <test-method status="PASS" signature="Intialization()[pri:0, instance:Dais_Technologies.Code_Exercise_paint_calculator_AutomationScript.ResultTest@3327bd23]" name="Intialization" is-config="true" duration-ms="2270" started-at="2019-02-12T02:05:57Z" finished-at="2019-02-12T02:05:59Z">
          <reporter-output>
          </reporter-output>
        </test-method> <!-- Intialization -->
        <test-method status="PASS" signature="AmountofFeettoPaint(java.lang.String, java.lang.String, java.lang.String)[pri:0, instance:Dais_Technologies.Code_Exercise_paint_calculator_AutomationScript.ResultTest@3327bd23]" name="AmountofFeettoPaint" duration-ms="306" started-at="2019-02-12T02:05:59Z" data-provider="getdata" finished-at="2019-02-12T02:05:59Z">
          <params>
            <param index="0">
              <value>
                <![CDATA[35]]>
              </value>
            </param>
            <param index="1">
              <value>
                <![CDATA[30]]>
              </value>
            </param>
            <param index="2">
              <value>
                <![CDATA[20]]>
              </value>
            </param>
          </params>
          <reporter-output>
          </reporter-output>
        </test-method> <!-- AmountofFeettoPaint -->
        <test-method status="PASS" signature="quit()[pri:0, instance:Dais_Technologies.Code_Exercise_paint_calculator_AutomationScript.ResultTest@3327bd23]" name="quit" is-config="true" duration-ms="115" started-at="2019-02-12T02:05:59Z" finished-at="2019-02-12T02:05:59Z">
          <reporter-output>
          </reporter-output>
        </test-method> <!-- quit -->
        <test-method status="PASS" signature="Intialization()[pri:0, instance:Dais_Technologies.Code_Exercise_paint_calculator_AutomationScript.ResultTest@3327bd23]" name="Intialization" is-config="true" duration-ms="1945" started-at="2019-02-12T02:05:59Z" finished-at="2019-02-12T02:06:01Z">
          <reporter-output>
          </reporter-output>
        </test-method> <!-- Intialization -->
        <test-method status="PASS" signature="AmountofFeettoPaint(java.lang.String, java.lang.String, java.lang.String)[pri:0, instance:Dais_Technologies.Code_Exercise_paint_calculator_AutomationScript.ResultTest@3327bd23]" name="AmountofFeettoPaint" duration-ms="306" started-at="2019-02-12T02:06:01Z" data-provider="getdata" finished-at="2019-02-12T02:06:02Z">
          <params>
            <param index="0">
              <value>
                <![CDATA[10]]>
              </value>
            </param>
            <param index="1">
              <value>
                <![CDATA[25]]>
              </value>
            </param>
            <param index="2">
              <value>
                <![CDATA[60]]>
              </value>
            </param>
          </params>
          <reporter-output>
          </reporter-output>
        </test-method> <!-- AmountofFeettoPaint -->
        <test-method status="PASS" signature="quit()[pri:0, instance:Dais_Technologies.Code_Exercise_paint_calculator_AutomationScript.ResultTest@3327bd23]" name="quit" is-config="true" duration-ms="136" started-at="2019-02-12T02:06:02Z" finished-at="2019-02-12T02:06:02Z">
          <reporter-output>
          </reporter-output>
        </test-method> <!-- quit -->
        <test-method status="PASS" signature="Intialization()[pri:0, instance:Dais_Technologies.Code_Exercise_paint_calculator_AutomationScript.ResultTest@3327bd23]" name="Intialization" is-config="true" duration-ms="2008" started-at="2019-02-12T02:06:02Z" finished-at="2019-02-12T02:06:04Z">
          <reporter-output>
          </reporter-output>
        </test-method> <!-- Intialization -->
        <test-method status="PASS" signature="AmountofFeettoPaint(java.lang.String, java.lang.String, java.lang.String)[pri:0, instance:Dais_Technologies.Code_Exercise_paint_calculator_AutomationScript.ResultTest@3327bd23]" name="AmountofFeettoPaint" duration-ms="318" started-at="2019-02-12T02:06:04Z" data-provider="getdata" finished-at="2019-02-12T02:06:04Z">
          <params>
            <param index="0">
              <value>
                <![CDATA[20]]>
              </value>
            </param>
            <param index="1">
              <value>
                <![CDATA[25]]>
              </value>
            </param>
            <param index="2">
              <value>
                <![CDATA[30]]>
              </value>
            </param>
          </params>
          <reporter-output>
          </reporter-output>
        </test-method> <!-- AmountofFeettoPaint -->
        <test-method status="PASS" signature="quit()[pri:0, instance:Dais_Technologies.Code_Exercise_paint_calculator_AutomationScript.ResultTest@3327bd23]" name="quit" is-config="true" duration-ms="110" started-at="2019-02-12T02:06:04Z" finished-at="2019-02-12T02:06:04Z">
          <reporter-output>
          </reporter-output>
        </test-method> <!-- quit -->
        <test-method status="PASS" signature="Intialization()[pri:0, instance:Dais_Technologies.Code_Exercise_paint_calculator_AutomationScript.ResultTest@3327bd23]" name="Intialization" is-config="true" duration-ms="1956" started-at="2019-02-12T02:06:04Z" finished-at="2019-02-12T02:06:06Z">
          <reporter-output>
          </reporter-output>
        </test-method> <!-- Intialization -->
        <test-method status="FAIL" signature="GallonsReuired(java.lang.String, java.lang.String, java.lang.String)[pri:0, instance:Dais_Technologies.Code_Exercise_paint_calculator_AutomationScript.ResultTest@3327bd23]" name="GallonsReuired" duration-ms="318" started-at="2019-02-12T02:06:06Z" data-provider="getdata" finished-at="2019-02-12T02:06:06Z">
          <params>
            <param index="0">
              <value>
                <![CDATA[35]]>
              </value>
            </param>
            <param index="1">
              <value>
                <![CDATA[30]]>
              </value>
            </param>
            <param index="2">
              <value>
                <![CDATA[20]]>
              </value>
            </param>
          </params>
          <exception class="java.lang.AssertionError">
            <message>
              <![CDATA[expected:<60> but was:<52>]]>
            </message>
            <full-stacktrace>
              <![CDATA[java.lang.AssertionError: expected:<60> but was:<52>
at org.testng.AssertJUnit.fail(AssertJUnit.java:59)
at org.testng.AssertJUnit.failNotEquals(AssertJUnit.java:364)
at org.testng.AssertJUnit.assertEquals(AssertJUnit.java:80)
at org.testng.AssertJUnit.assertEquals(AssertJUnit.java:245)
at org.testng.AssertJUnit.assertEquals(AssertJUnit.java:252)
at Dais_Technologies.Code_Exercise_paint_calculator_AutomationScript.ResultTest.GallonsReuired(ResultTest.java:55)
at sun.reflect.NativeMethodAccessorImpl.invoke0(Native Method)
at sun.reflect.NativeMethodAccessorImpl.invoke(NativeMethodAccessorImpl.java:62)
at sun.reflect.DelegatingMethodAccessorImpl.invoke(DelegatingMethodAccessorImpl.java:43)
at java.lang.reflect.Method.invoke(Method.java:498)
at org.testng.internal.MethodInvocationHelper.invokeMethod(MethodInvocationHelper.java:124)
at org.testng.internal.Invoker.invokeMethod(Invoker.java:580)
at org.testng.internal.Invoker.invokeTestMethod(Invoker.java:716)
at org.testng.internal.Invoker.invokeTestMethods(Invoker.java:988)
at org.testng.internal.TestMethodWorker.invokeTestMethods(TestMethodWorker.java:125)
at org.testng.internal.TestMethodWorker.run(TestMethodWorker.java:109)
at org.testng.TestRunner.privateRun(TestRunner.java:648)
at org.testng.TestRunner.run(TestRunner.java:505)
at org.testng.SuiteRunner.runTest(SuiteRunner.java:455)
at org.testng.SuiteRunner.runSequentially(SuiteRunner.java:450)
at org.testng.SuiteRunner.privateRun(SuiteRunner.java:415)
at org.testng.SuiteRunner.run(SuiteRunner.java:364)
at org.testng.SuiteRunnerWorker.runSuite(SuiteRunnerWorker.java:52)
at org.testng.SuiteRunnerWorker.run(SuiteRunnerWorker.java:84)
at org.testng.TestNG.runSuitesSequentially(TestNG.java:1208)
at org.testng.TestNG.runSuitesLocally(TestNG.java:1137)
at org.testng.TestNG.runSuites(TestNG.java:1049)
at org.testng.TestNG.run(TestNG.java:1017)
at org.testng.remote.AbstractRemoteTestNG.run(AbstractRemoteTestNG.java:114)
at org.testng.remote.RemoteTestNG.initAndRun(RemoteTestNG.java:251)
at org.testng.remote.RemoteTestNG.main(RemoteTestNG.java:77)
]]>
            </full-stacktrace>
          </exception> <!-- java.lang.AssertionError -->
          <reporter-output>
          </reporter-output>
        </test-method> <!-- GallonsReuired -->
        <test-method status="PASS" signature="quit()[pri:0, instance:Dais_Technologies.Code_Exercise_paint_calculator_AutomationScript.ResultTest@3327bd23]" name="quit" is-config="true" duration-ms="135" started-at="2019-02-12T02:06:06Z" finished-at="2019-02-12T02:06:06Z">
          <reporter-output>
          </reporter-output>
        </test-method> <!-- quit -->
        <test-method status="PASS" signature="Intialization()[pri:0, instance:Dais_Technologies.Code_Exercise_paint_calculator_AutomationScript.ResultTest@3327bd23]" name="Intialization" is-config="true" duration-ms="1897" started-at="2019-02-12T02:06:06Z" finished-at="2019-02-12T02:06:08Z">
          <reporter-output>
          </reporter-output>
        </test-method> <!-- Intialization -->
        <test-method status="FAIL" signature="GallonsReuired(java.lang.String, java.lang.String, java.lang.String)[pri:0, instance:Dais_Technologies.Code_Exercise_paint_calculator_AutomationScript.ResultTest@3327bd23]" name="GallonsReuired" duration-ms="285" started-at="2019-02-12T02:06:08Z" data-provider="getdata" finished-at="2019-02-12T02:06:09Z">
          <params>
            <param index="0">
              <value>
                <![CDATA[10]]>
              </value>
            </param>
            <param index="1">
              <value>
                <![CDATA[25]]>
              </value>
            </param>
            <param index="2">
              <value>
                <![CDATA[60]]>
              </value>
            </param>
          </params>
          <exception class="java.lang.AssertionError">
            <message>
              <![CDATA[expected:<42> but was:<37>]]>
            </message>
            <full-stacktrace>
              <![CDATA[java.lang.AssertionError: expected:<42> but was:<37>
at org.testng.AssertJUnit.fail(AssertJUnit.java:59)
at org.testng.AssertJUnit.failNotEquals(AssertJUnit.java:364)
at org.testng.AssertJUnit.assertEquals(AssertJUnit.java:80)
at org.testng.AssertJUnit.assertEquals(AssertJUnit.java:245)
at org.testng.AssertJUnit.assertEquals(AssertJUnit.java:252)
at Dais_Technologies.Code_Exercise_paint_calculator_AutomationScript.ResultTest.GallonsReuired(ResultTest.java:55)
at sun.reflect.NativeMethodAccessorImpl.invoke0(Native Method)
at sun.reflect.NativeMethodAccessorImpl.invoke(NativeMethodAccessorImpl.java:62)
at sun.reflect.DelegatingMethodAccessorImpl.invoke(DelegatingMethodAccessorImpl.java:43)
at java.lang.reflect.Method.invoke(Method.java:498)
at org.testng.internal.MethodInvocationHelper.invokeMethod(MethodInvocationHelper.java:124)
at org.testng.internal.Invoker.invokeMethod(Invoker.java:580)
at org.testng.internal.Invoker.invokeTestMethod(Invoker.java:716)
at org.testng.internal.Invoker.invokeTestMethods(Invoker.java:988)
at org.testng.internal.TestMethodWorker.invokeTestMethods(TestMethodWorker.java:125)
at org.testng.internal.TestMethodWorker.run(TestMethodWorker.java:109)
at org.testng.TestRunner.privateRun(TestRunner.java:648)
at org.testng.TestRunner.run(TestRunner.java:505)
at org.testng.SuiteRunner.runTest(SuiteRunner.java:455)
at org.testng.SuiteRunner.runSequentially(SuiteRunner.java:450)
at org.testng.SuiteRunner.privateRun(SuiteRunner.java:415)
at org.testng.SuiteRunner.run(SuiteRunner.java:364)
at org.testng.SuiteRunnerWorker.runSuite(SuiteRunnerWorker.java:52)
at org.testng.SuiteRunnerWorker.run(SuiteRunnerWorker.java:84)
at org.testng.TestNG.runSuitesSequentially(TestNG.java:1208)
at org.testng.TestNG.runSuitesLocally(TestNG.java:1137)
at org.testng.TestNG.runSuites(TestNG.java:1049)
at org.testng.TestNG.run(TestNG.java:1017)
at org.testng.remote.AbstractRemoteTestNG.run(AbstractRemoteTestNG.java:114)
at org.testng.remote.RemoteTestNG.initAndRun(RemoteTestNG.java:251)
at org.testng.remote.RemoteTestNG.main(RemoteTestNG.java:77)
]]>
            </full-stacktrace>
          </exception> <!-- java.lang.AssertionError -->
          <reporter-output>
          </reporter-output>
        </test-method> <!-- GallonsReuired -->
        <test-method status="PASS" signature="quit()[pri:0, instance:Dais_Technologies.Code_Exercise_paint_calculator_AutomationScript.ResultTest@3327bd23]" name="quit" is-config="true" duration-ms="113" started-at="2019-02-12T02:06:09Z" finished-at="2019-02-12T02:06:09Z">
          <reporter-output>
          </reporter-output>
        </test-method> <!-- quit -->
        <test-method status="PASS" signature="Intialization()[pri:0, instance:Dais_Technologies.Code_Exercise_paint_calculator_AutomationScript.ResultTest@3327bd23]" name="Intialization" is-config="true" duration-ms="1950" started-at="2019-02-12T02:06:09Z" finished-at="2019-02-12T02:06:11Z">
          <reporter-output>
          </reporter-output>
        </test-method> <!-- Intialization -->
        <test-method status="FAIL" signature="GallonsReuired(java.lang.String, java.lang.String, java.lang.String)[pri:0, instance:Dais_Technologies.Code_Exercise_paint_calculator_AutomationScript.ResultTest@3327bd23]" name="GallonsReuired" duration-ms="325" started-at="2019-02-12T02:06:11Z" data-provider="getdata" finished-at="2019-02-12T02:06:11Z">
          <params>
            <param index="0">
              <value>
                <![CDATA[20]]>
              </value>
            </param>
            <param index="1">
              <value>
                <![CDATA[25]]>
              </value>
            </param>
            <param index="2">
              <value>
                <![CDATA[30]]>
              </value>
            </param>
          </params>
          <exception class="java.lang.AssertionError">
            <message>
              <![CDATA[expected:<42> but was:<37>]]>
            </message>
            <full-stacktrace>
              <![CDATA[java.lang.AssertionError: expected:<42> but was:<37>
at org.testng.AssertJUnit.fail(AssertJUnit.java:59)
at org.testng.AssertJUnit.failNotEquals(AssertJUnit.java:364)
at org.testng.AssertJUnit.assertEquals(AssertJUnit.java:80)
at org.testng.AssertJUnit.assertEquals(AssertJUnit.java:245)
at org.testng.AssertJUnit.assertEquals(AssertJUnit.java:252)
at Dais_Technologies.Code_Exercise_paint_calculator_AutomationScript.ResultTest.GallonsReuired(ResultTest.java:55)
at sun.reflect.NativeMethodAccessorImpl.invoke0(Native Method)
at sun.reflect.NativeMethodAccessorImpl.invoke(NativeMethodAccessorImpl.java:62)
at sun.reflect.DelegatingMethodAccessorImpl.invoke(DelegatingMethodAccessorImpl.java:43)
at java.lang.reflect.Method.invoke(Method.java:498)
at org.testng.internal.MethodInvocationHelper.invokeMethod(MethodInvocationHelper.java:124)
at org.testng.internal.Invoker.invokeMethod(Invoker.java:580)
at org.testng.internal.Invoker.invokeTestMethod(Invoker.java:716)
at org.testng.internal.Invoker.invokeTestMethods(Invoker.java:988)
at org.testng.internal.TestMethodWorker.invokeTestMethods(TestMethodWorker.java:125)
at org.testng.internal.TestMethodWorker.run(TestMethodWorker.java:109)
at org.testng.TestRunner.privateRun(TestRunner.java:648)
at org.testng.TestRunner.run(TestRunner.java:505)
at org.testng.SuiteRunner.runTest(SuiteRunner.java:455)
at org.testng.SuiteRunner.runSequentially(SuiteRunner.java:450)
at org.testng.SuiteRunner.privateRun(SuiteRunner.java:415)
at org.testng.SuiteRunner.run(SuiteRunner.java:364)
at org.testng.SuiteRunnerWorker.runSuite(SuiteRunnerWorker.java:52)
at org.testng.SuiteRunnerWorker.run(SuiteRunnerWorker.java:84)
at org.testng.TestNG.runSuitesSequentially(TestNG.java:1208)
at org.testng.TestNG.runSuitesLocally(TestNG.java:1137)
at org.testng.TestNG.runSuites(TestNG.java:1049)
at org.testng.TestNG.run(TestNG.java:1017)
at org.testng.remote.AbstractRemoteTestNG.run(AbstractRemoteTestNG.java:114)
at org.testng.remote.RemoteTestNG.initAndRun(RemoteTestNG.java:251)
at org.testng.remote.RemoteTestNG.main(RemoteTestNG.java:77)
]]>
            </full-stacktrace>
          </exception> <!-- java.lang.AssertionError -->
          <reporter-output>
          </reporter-output>
        </test-method> <!-- GallonsReuired -->
        <test-method status="PASS" signature="quit()[pri:0, instance:Dais_Technologies.Code_Exercise_paint_calculator_AutomationScript.ResultTest@3327bd23]" name="quit" is-config="true" duration-ms="136" started-at="2019-02-12T02:06:11Z" finished-at="2019-02-12T02:06:11Z">
          <reporter-output>
          </reporter-output>
        </test-method> <!-- quit -->
        <test-method status="PASS" signature="Intialization()[pri:0, instance:Dais_Technologies.Code_Exercise_paint_calculator_AutomationScript.ResultTest@3327bd23]" name="Intialization" is-config="true" duration-ms="2210" started-at="2019-02-12T02:06:11Z" finished-at="2019-02-12T02:06:13Z">
          <reporter-output>
          </reporter-output>
        </test-method> <!-- Intialization -->
        <test-method status="PASS" signature="Redirect()[pri:0, instance:Dais_Technologies.Code_Exercise_paint_calculator_AutomationScript.ResultTest@3327bd23]" name="Redirect" duration-ms="387" started-at="2019-02-12T02:06:13Z" finished-at="2019-02-12T02:06:14Z">
          <reporter-output>
          </reporter-output>
        </test-method> <!-- Redirect -->
        <test-method status="PASS" signature="quit()[pri:0, instance:Dais_Technologies.Code_Exercise_paint_calculator_AutomationScript.ResultTest@3327bd23]" name="quit" is-config="true" duration-ms="104" started-at="2019-02-12T02:06:14Z" finished-at="2019-02-12T02:06:14Z">
          <reporter-output>
          </reporter-output>
        </test-method> <!-- quit -->
        <test-method status="PASS" signature="Intialization()[pri:0, instance:Dais_Technologies.Code_Exercise_paint_calculator_AutomationScript.ResultTest@3327bd23]" name="Intialization" is-config="true" duration-ms="1942" started-at="2019-02-12T02:06:14Z" finished-at="2019-02-12T02:06:16Z">
          <reporter-output>
          </reporter-output>
        </test-method> <!-- Intialization -->
        <test-method status="PASS" signature="isElementPresent()[pri:0, instance:Dais_Technologies.Code_Exercise_paint_calculator_AutomationScript.ResultTest@3327bd23]" name="isElementPresent" duration-ms="117" started-at="2019-02-12T02:06:16Z" finished-at="2019-02-12T02:06:16Z">
          <reporter-output>
          </reporter-output>
        </test-method> <!-- isElementPresent -->
        <test-method status="PASS" signature="quit()[pri:0, instance:Dais_Technologies.Code_Exercise_paint_calculator_AutomationScript.ResultTest@3327bd23]" name="quit" is-config="true" duration-ms="103" started-at="2019-02-12T02:06:16Z" finished-at="2019-02-12T02:06:16Z">
          <reporter-output>
          </reporter-output>
        </test-method> <!-- quit -->
      </class> <!-- Dais_Technologies.Code_Exercise_paint_calculator_AutomationScript.ResultTest -->
    </test> <!-- Test -->
  </suite> <!-- Suite -->
</testng-results>
